#
# A fatal error has been detected by the Java Runtime Environment:
#
#  EXCEPTION_ACCESS_VIOLATION (0xc0000005) at pc=0x00007ffee3525d59, pid=50304, tid=13212
#
# JRE version: OpenJDK Runtime Environment AdoptOpenJDK-11.0.11+9 (11.0.11+9) (build 11.0.11+9)
# Java VM: OpenJDK 64-Bit Server VM AdoptOpenJDK-11.0.11+9 (11.0.11+9, mixed mode, tiered, compressed oops, g1 gc, windows-amd64)
# Problematic frame:
# V  [jvm.dll+0x335d59]
#
# No core dump will be written. Minidumps are not enabled by default on client versions of Windows
#
# If you would like to submit a bug report, please visit:
#   https://github.com/AdoptOpenJDK/openjdk-support/issues
#

---------------  S U M M A R Y ------------

Command Line: -Djline.terminal=jline.UnsupportedTerminal -Dsbt.log.noformat=true -Dfile.encoding=UTF-8 C:\Users\lyduc\AppData\Local\Temp\metals12901733251812196043\sbt-launch.jar -Dbloop.export-jar-classifiers=sources bloopInstall

Host: 12th Gen Intel(R) Core(TM) i7-12700H, 20 cores, 15G,  Windows 10 , 64 bit Build 22621 (10.0.22621.4830)
Time: Sat Mar 29 18:05:29 2025 SE Asia Standard Time elapsed time: 1.470712 seconds (0d 0h 0m 1s)

---------------  T H R E A D  ---------------

Current thread (0x0000026520451800):  JavaThread "C1 CompilerThread3" daemon [_thread_in_native, id=13212, stack(0x00000099c5500000,0x00000099c5600000)]


Current CompileTask:
C1:   1470 2756       1       scala.reflect.internal.SymbolTable::currentPeriod (5 bytes)

Stack: [0x00000099c5500000,0x00000099c5600000],  sp=0x00000099c55fe2d0,  free space=1016k
Native frames: (J=compiled Java code, j=interpreted, Vv=VM code, C=native code)
V  [jvm.dll+0x335d59]
V  [jvm.dll+0x125254]
V  [jvm.dll+0x12617d]
V  [jvm.dll+0x125a9f]
V  [jvm.dll+0x125ccf]
V  [jvm.dll+0x124f77]
V  [jvm.dll+0x126e87]
V  [jvm.dll+0x20f3e7]
V  [jvm.dll+0x20d5cb]
V  [jvm.dll+0x7442f9]
V  [jvm.dll+0x73d364]
V  [jvm.dll+0x5f6cd6]
C  [ucrtbase.dll+0x29333]
C  [KERNEL32.DLL+0x1259d]
C  [ntdll.dll+0x5af38]


siginfo: EXCEPTION_ACCESS_VIOLATION (0xc0000005), reading address 0x0000000024bbab18


Register to memory mapping:

RIP=0x00007ffee3525d59 jvm.dll
RAX=0x0000000000000008 is an unknown value
RBX=0x0000000024bbab00 is an unknown value
RCX=0x0000000000000010 is an unknown value
RDX=0x0000000000000008 is an unknown value
RSP=0x00000099c55fe2d0 is pointing into the stack for thread: 0x0000026520451800
RBP=0x0 is NULL
RSI=0x00007ffee3bfa9b0 jvm.dll
RDI=0x000000000000001f is an unknown value
R8 =0x0 is NULL
R9 =0x00000099c55fe4b8 is pointing into the stack for thread: 0x0000026520451800
R10=0x0000000000000001 is an unknown value
R11=0x00000099c55fe330 is pointing into the stack for thread: 0x0000026520451800
R12=0x0 is NULL
R13=0x00000099c55fe720 is pointing into the stack for thread: 0x0000026520451800
R14=0x0 is NULL
R15=0x0000026525337d30 points into unknown readable memory: 0x00007ffee3a523b0 | b0 23 a5 e3 fe 7f 00 00


Registers:
RAX=0x0000000000000008, RBX=0x0000000024bbab00, RCX=0x0000000000000010, RDX=0x0000000000000008
RSP=0x00000099c55fe2d0, RBP=0x0000000000000000, RSI=0x00007ffee3bfa9b0, RDI=0x000000000000001f
R8 =0x0000000000000000, R9 =0x00000099c55fe4b8, R10=0x0000000000000001, R11=0x00000099c55fe330
R12=0x0000000000000000, R13=0x00000099c55fe720, R14=0x0000000000000000, R15=0x0000026525337d30
RIP=0x00007ffee3525d59, EFLAGS=0x0000000000010216

Top of Stack: (sp=0x00000099c55fe2d0)
0x00000099c55fe2d0:   0000000000000000 0000000000000000
0x00000099c55fe2e0:   ffffffff00000007 0000026524bba780
0x00000099c55fe2f0:   00000099c55fe3a0 00007ffee3315254
0x00000099c55fe300:   00000099c55fe4b8 00007ffee3bfa9b0
0x00000099c55fe310:   00000099c55fe720 00007ffee332e8c0
0x00000099c55fe320:   0000026524bbaaf0 00007ffee331617d
0x00000099c55fe330:   00000099c55fe720 00000099c55fe430
0x00000099c55fe340:   00007ffee3bfa9b0 00007ffee332b0c6
0x00000099c55fe350:   0000000000000000 00000099c55fe3e0
0x00000099c55fe360:   0000000000000000 0000000000000007
0x00000099c55fe370:   00000099c55fe3e0 00007ffee332ddc0
0x00000099c55fe380:   0000000000000000 0000000000000000
0x00000099c55fe390:   0000026524bba8b0 0000026525337d30
0x00000099c55fe3a0:   00007ffee3a41f50 00007ffee332ba6f
0x00000099c55fe3b0:   00007ffee3a420e8 00000099c55fe720
0x00000099c55fe3c0:   0000026525337d30 0000000200000000 

Instructions: (pc=0x00007ffee3525d59)
0x00007ffee3525c59:   08 4c 39 38 75 e2 48 8b 4d 20 48 8b 01 ff 50 08
0x00007ffee3525c69:   48 8b cf 83 fb 02 75 0a 48 8b d0 e8 17 67 26 00
0x00007ffee3525c79:   eb c6 4c 8b c0 8b d3 e8 4b 68 26 00 eb ba 49 8b
0x00007ffee3525c89:   45 08 48 8b 7c 24 60 48 8b 74 24 58 4c 39 38 75
0x00007ffee3525c99:   3d 48 8b 4d 20 49 8b d5 48 8b 01 ff 50 08 4c 8b
0x00007ffee3525ca9:   e8 eb 2b 49 8b 06 49 8b ce ff 90 88 00 00 00 48
0x00007ffee3525cb9:   8b c8 48 8b 40 38 48 89 45 28 8b 41 20 89 45 50
0x00007ffee3525cc9:   8b 41 24 89 45 38 48 8b 41 30 48 89 45 40 4c 8b
0x00007ffee3525cd9:   7c 24 20 49 8b c5 4c 8b 6c 24 28 48 8b 5c 24 50
0x00007ffee3525ce9:   48 83 c4 38 41 5e 5d c3 48 c7 45 28 00 00 00 00
0x00007ffee3525cf9:   48 8b 81 40 02 00 00 48 83 c4 38 41 5e 5d c3 cc
0x00007ffee3525d09:   cc cc cc cc cc cc cc 40 53 48 83 ec 20 4c 8b c9
0x00007ffee3525d19:   48 63 c2 48 63 49 04 48 0f af c8 49 8b 59 08 48
0x00007ffee3525d29:   85 db 75 0c 33 d2 48 83 c4 20 5b e9 07 f4 31 00
0x00007ffee3525d39:   48 83 fb 01 75 11 41 8b 51 10 45 33 c0 48 83 c4
0x00007ffee3525d49:   20 5b e9 a0 f8 d7 ff 48 89 7c 24 30 48 8d 79 0f
0x00007ffee3525d59:   48 8b 4b 18 48 83 e7 f0 48 8b c7 48 f7 d0 48 3b
0x00007ffee3525d69:   c1 73 16 4c 8d 05 2d cd 50 00 48 8b d7 48 8b cb
0x00007ffee3525d79:   e8 42 93 d8 ff 48 8b 4b 18 48 8d 04 39 48 3b 43
0x00007ffee3525d89:   20 76 1c 45 33 c0 48 8b d7 48 8b cb e8 c6 8f d8
0x00007ffee3525d99:   ff 48 8b 7c 24 30 48 8b c8 48 83 c4 20 5b c3 48
0x00007ffee3525da9:   8b 7c 24 30 48 89 43 18 48 8b c1 48 83 c4 20 5b
0x00007ffee3525db9:   c3 cc cc cc cc cc cc 48 83 ec 28 4c 8b c9 48 85
0x00007ffee3525dc9:   c9 75 07 b0 01 48 83 c4 28 c3 48 89 5c 24 30 48
0x00007ffee3525dd9:   89 7c 24 20 48 8d 79 e0 48 85 ff 74 3b 48 8d 4f
0x00007ffee3525de9:   10 48 3b f9 73 10 48 8b c7 80 38 ab 75 2a 48 ff
0x00007ffee3525df9:   c0 48 3b c1 72 f3 48 8b 09 49 03 c9 48 8d 41 10
0x00007ffee3525e09:   48 3b c8 73 0f 66 90 80 39 ab 75 0c 48 ff c1 48
0x00007ffee3525e19:   3b c8 72 f3 b3 01 eb 02 32 db 4c 8b 47 10 ba ba
0x00007ffee3525e29:   00 00 00 49 8b c9 e8 ae ae 47 00 48 8b cf e8 44
0x00007ffee3525e39:   45 2b 00 48 8b 7c 24 20 0f b6 c3 48 8b 5c 24 30
0x00007ffee3525e49:   48 83 c4 28 c3 cc cc 48 89 5c 24 18 57 48 83 ec 


Stack slot to memory mapping:
stack at sp + 0 slots: 0x0 is NULL
stack at sp + 1 slots: 0x0 is NULL
stack at sp + 2 slots: 0xffffffff00000007 is an unknown value
stack at sp + 3 slots: 0x0000026524bba780 points into unknown readable memory: 0x0000026524bb9c10 | 10 9c bb 24 65 02 00 00
stack at sp + 4 slots: 0x00000099c55fe3a0 is pointing into the stack for thread: 0x0000026520451800
stack at sp + 5 slots: 0x00007ffee3315254 jvm.dll
stack at sp + 6 slots: 0x00000099c55fe4b8 is pointing into the stack for thread: 0x0000026520451800
stack at sp + 7 slots: 0x00007ffee3bfa9b0 jvm.dll


---------------  P R O C E S S  ---------------

Threads class SMR info:
_java_thread_list=0x0000026520a4c3f0, length=30, elements={
0x000002657734b000, 0x000002651c6c3000, 0x000002651c6c3800, 0x000002651c71d800,
0x000002651c71e800, 0x000002651c721000, 0x000002651c724000, 0x000002651c72f000,
0x000002651c733800, 0x000002651bdd7800, 0x000002651c89c800, 0x000002651c93a800,
0x000002651ce6f800, 0x000002651ce29800, 0x000002651dc43800, 0x000002651d14a000,
0x000002651cec8000, 0x000002651cec9000, 0x000002651d88d800, 0x000002651d144000,
0x000002652038f000, 0x000002652044f000, 0x0000026520451000, 0x0000026520455800,
0x0000026520455000, 0x0000026520454000, 0x0000026520450000, 0x0000026520451800,
0x0000026520452800, 0x0000026520453000
}

Java Threads: ( => current thread )
  0x000002657734b000 JavaThread "main" [_thread_in_vm_trans, id=2776, stack(0x00000099c2500000,0x00000099c2600000)]
  0x000002651c6c3000 JavaThread "Reference Handler" daemon [_thread_blocked, id=6876, stack(0x00000099c2c00000,0x00000099c2d00000)]
  0x000002651c6c3800 JavaThread "Finalizer" daemon [_thread_blocked, id=46272, stack(0x00000099c2d00000,0x00000099c2e00000)]
  0x000002651c71d800 JavaThread "Signal Dispatcher" daemon [_thread_blocked, id=23636, stack(0x00000099c2e00000,0x00000099c2f00000)]
  0x000002651c71e800 JavaThread "Attach Listener" daemon [_thread_blocked, id=47420, stack(0x00000099c2f00000,0x00000099c3000000)]
  0x000002651c721000 JavaThread "Service Thread" daemon [_thread_blocked, id=44644, stack(0x00000099c3000000,0x00000099c3100000)]
  0x000002651c724000 JavaThread "C2 CompilerThread0" daemon [_thread_blocked, id=24176, stack(0x00000099c3100000,0x00000099c3200000)]
  0x000002651c72f000 JavaThread "C1 CompilerThread0" daemon [_thread_in_native, id=49724, stack(0x00000099c3200000,0x00000099c3300000)]
  0x000002651c733800 JavaThread "Sweeper thread" daemon [_thread_blocked, id=11964, stack(0x00000099c3300000,0x00000099c3400000)]
  0x000002651bdd7800 JavaThread "C1 CompilerThread1" daemon [_thread_in_native, id=42256, stack(0x00000099c3400000,0x00000099c3500000)]
  0x000002651c89c800 JavaThread "Common-Cleaner" daemon [_thread_blocked, id=37744, stack(0x00000099c3600000,0x00000099c3700000)]
  0x000002651c93a800 JavaThread "C1 CompilerThread2" daemon [_thread_in_native, id=53556, stack(0x00000099c3700000,0x00000099c3800000)]
  0x000002651ce6f800 JavaThread "C2 CompilerThread1" daemon [_thread_blocked, id=4376, stack(0x00000099c3800000,0x00000099c3900000)]
  0x000002651ce29800 JavaThread "C2 CompilerThread2" daemon [_thread_in_native, id=45596, stack(0x00000099c3e00000,0x00000099c3f00000)]
  0x000002651dc43800 JavaThread "pool-1-thread-1" [_thread_blocked, id=54844, stack(0x00000099c3f00000,0x00000099c4000000)]
  0x000002651d14a000 JavaThread "pool-1-thread-2" [_thread_blocked, id=54392, stack(0x00000099c4000000,0x00000099c4100000)]
  0x000002651cec8000 JavaThread "pool-1-thread-3" [_thread_blocked, id=51232, stack(0x00000099c4100000,0x00000099c4200000)]
  0x000002651cec9000 JavaThread "pool-1-thread-4" [_thread_blocked, id=46468, stack(0x00000099c4200000,0x00000099c4300000)]
  0x000002651d88d800 JavaThread "pool-1-thread-5" [_thread_blocked, id=48424, stack(0x00000099c4300000,0x00000099c4400000)]
  0x000002651d144000 JavaThread "sbt-parser-init-thread" daemon [_thread_in_native, id=48432, stack(0x00000099c4400000,0x00000099c4500000)]
  0x000002652038f000 JavaThread "JNA Cleaner" daemon [_thread_blocked, id=49260, stack(0x00000099c4e00000,0x00000099c4f00000)]
  0x000002652044f000 JavaThread "C2 CompilerThread3" daemon [_thread_in_native, id=39932, stack(0x00000099c4f00000,0x00000099c5000000)]
  0x0000026520451000 JavaThread "boot-server-socket-thread-1" [_thread_in_native, id=1752, stack(0x00000099c5000000,0x00000099c5100000)]
  0x0000026520455800 JavaThread "C2 CompilerThread4" daemon [_thread_blocked, id=37456, stack(0x00000099c5100000,0x00000099c5200000)]
  0x0000026520455000 JavaThread "C2 CompilerThread5" daemon [_thread_in_native, id=44036, stack(0x00000099c5200000,0x00000099c5300000)]
  0x0000026520454000 JavaThread "C2 CompilerThread6" daemon [_thread_blocked, id=37036, stack(0x00000099c5300000,0x00000099c5400000)]
  0x0000026520450000 JavaThread "C2 CompilerThread7" daemon [_thread_in_native, id=44952, stack(0x00000099c5400000,0x00000099c5500000)]
=>0x0000026520451800 JavaThread "C1 CompilerThread3" daemon [_thread_in_native, id=13212, stack(0x00000099c5500000,0x00000099c5600000)]
  0x0000026520452800 JavaThread "classloader-cache-cleanup-0" daemon [_thread_blocked, id=48632, stack(0x00000099c5600000,0x00000099c5700000)]
  0x0000026520453000 JavaThread "sbt-command-exchange-fastTrack" daemon [_thread_blocked, id=42544, stack(0x00000099c5700000,0x00000099c5800000)]

Other Threads:
  0x000002651c69a800 VMThread "VM Thread" [stack: 0x00000099c2b00000,0x00000099c2c00000] [id=3432]
  0x000002651c895000 WatcherThread [stack: 0x00000099c3500000,0x00000099c3600000] [id=33860]
  0x000002657513e800 GCTaskThread "GC Thread#0" [stack: 0x00000099c2600000,0x00000099c2700000] [id=22688]
  0x000002651d08c800 GCTaskThread "GC Thread#1" [stack: 0x00000099c3900000,0x00000099c3a00000] [id=53048]
  0x000002651d04a800 GCTaskThread "GC Thread#2" [stack: 0x00000099c3a00000,0x00000099c3b00000] [id=35504]
  0x000002651d07b800 GCTaskThread "GC Thread#3" [stack: 0x00000099c3b00000,0x00000099c3c00000] [id=44528]
  0x000002651d082800 GCTaskThread "GC Thread#4" [stack: 0x00000099c3c00000,0x00000099c3d00000] [id=49472]
  0x000002651d083000 GCTaskThread "GC Thread#5" [stack: 0x00000099c3d00000,0x00000099c3e00000] [id=18156]
  0x000002651e342800 GCTaskThread "GC Thread#6" [stack: 0x00000099c4500000,0x00000099c4600000] [id=27068]
  0x000002651f915800 GCTaskThread "GC Thread#7" [stack: 0x00000099c4600000,0x00000099c4700000] [id=22660]
  0x000002651f916000 GCTaskThread "GC Thread#8" [stack: 0x00000099c4700000,0x00000099c4800000] [id=18580]
  0x000002651f551000 GCTaskThread "GC Thread#9" [stack: 0x00000099c4800000,0x00000099c4900000] [id=14784]
  0x000002651f552000 GCTaskThread "GC Thread#10" [stack: 0x00000099c4900000,0x00000099c4a00000] [id=54760]
  0x000002651f9e1800 GCTaskThread "GC Thread#11" [stack: 0x00000099c4a00000,0x00000099c4b00000] [id=18780]
  0x00000265773bf000 ConcurrentGCThread "G1 Main Marker" [stack: 0x00000099c2700000,0x00000099c2800000] [id=1268]
  0x00000265773c0000 ConcurrentGCThread "G1 Conc#0" [stack: 0x00000099c2800000,0x00000099c2900000] [id=46244]
  0x000002651f9ea800 ConcurrentGCThread "G1 Conc#1" [stack: 0x00000099c4b00000,0x00000099c4c00000] [id=20084]
  0x000002651f534000 ConcurrentGCThread "G1 Conc#2" [stack: 0x00000099c4c00000,0x00000099c4d00000] [id=19124]
  0x000002651e48c000 ConcurrentGCThread "G1 Conc#3" [stack: 0x00000099c4d00000,0x00000099c4e00000] [id=14972]
  0x000002651bd02800 ConcurrentGCThread "G1 Refine#0" [stack: 0x00000099c2900000,0x00000099c2a00000] [id=19084]
  0x000002651bd03800 ConcurrentGCThread "G1 Young RemSet Sampling" [stack: 0x00000099c2a00000,0x00000099c2b00000] [id=41096]

Threads with active compile tasks:
C1 CompilerThread0   1494 2754       3       java.lang.Integer::rotateLeft (9 bytes)
C1 CompilerThread1   1494 2755       1       scala.reflect.internal.Symbols$TypeSymbol::scala$reflect$internal$Symbols$TypeSymbol$$$outer (5 bytes)
C1 CompilerThread2   1494 2757       1       scala.reflect.internal.Scopes$ScopeEntry::next (5 bytes)
C2 CompilerThread2   1494 2607   !   4       java.net.URLClassLoader$1::run (63 bytes)
C2 CompilerThread3   1494 2608       4       jdk.internal.jrtfs.JrtFileSystem::checkNode (40 bytes)
C2 CompilerThread5   1494 2601       4       java.net.URLClassLoader$1::run (5 bytes)
C2 CompilerThread7   1494 2610       4       java.util.Spliterators$1Adapter::hasNext (23 bytes)
C1 CompilerThread3   1494 2756       1       scala.reflect.internal.SymbolTable::currentPeriod (5 bytes)

VM state:not at safepoint (normal execution)

VM Mutex/Monitor currently owned by a thread: None

Heap address: 0x0000000705e00000, size: 4002 MB, Compressed Oops mode: Zero based, Oop shift amount: 3
Narrow klass base: 0x0000000800000000, Narrow klass shift: 0
Compressed class space size: 1073741824 Address: 0x0000000800000000

Heap:
 garbage-first heap   total 258048K, used 76724K [0x0000000705e00000, 0x0000000800000000)
  region size 1024K, 69 young (70656K), 3 survivors (3072K)
 Metaspace       used 50377K, capacity 52749K, committed 52992K, reserved 1093632K
  class space    used 7070K, capacity 8400K, committed 8448K, reserved 1048576K
Heap Regions: E=young(eden), S=young(survivor), O=old, HS=humongous(starts), HC=humongous(continues), CS=collection set, F=free, A=archive, TAMS=top-at-mark-start (previous, next)
|   0|0x0000000705e00000, 0x0000000705f00000, 0x0000000705f00000|100%| O|  |TAMS 0x0000000705f00000, 0x0000000705e00000| Untracked 
|   1|0x0000000705f00000, 0x0000000706000000, 0x0000000706000000|100%| O|  |TAMS 0x0000000706000000, 0x0000000705f00000| Untracked 
|   2|0x0000000706000000, 0x0000000706100000, 0x0000000706100000|100%| O|  |TAMS 0x0000000706100000, 0x0000000706000000| Untracked 
|   3|0x0000000706100000, 0x0000000706200000, 0x0000000706200000|100%| O|  |TAMS 0x0000000706200000, 0x0000000706100000| Untracked 
|   4|0x0000000706200000, 0x0000000706300000, 0x0000000706300000|100%| O|  |TAMS 0x0000000706300000, 0x0000000706200000| Untracked 
|   5|0x0000000706300000, 0x0000000706400000, 0x0000000706400000|100%| O|  |TAMS 0x0000000706400000, 0x0000000706300000| Untracked 
|   6|0x0000000706400000, 0x0000000706500000, 0x0000000706500000|100%| O|  |TAMS 0x0000000706500000, 0x0000000706400000| Untracked 
|   7|0x0000000706500000, 0x00000007065a4000, 0x0000000706600000| 64%| O|  |TAMS 0x00000007065a4000, 0x0000000706500000| Untracked 
|   8|0x0000000706600000, 0x0000000706700000, 0x0000000706700000|100%|HS|  |TAMS 0x0000000706600000, 0x0000000706600000| Complete 
|   9|0x0000000706700000, 0x0000000706700000, 0x0000000706800000|  0%| F|  |TAMS 0x0000000706700000, 0x0000000706700000| Untracked 
|  10|0x0000000706800000, 0x0000000706800000, 0x0000000706900000|  0%| F|  |TAMS 0x0000000706800000, 0x0000000706800000| Untracked 
|  11|0x0000000706900000, 0x0000000706900000, 0x0000000706a00000|  0%| F|  |TAMS 0x0000000706900000, 0x0000000706900000| Untracked 
|  12|0x0000000706a00000, 0x0000000706a00000, 0x0000000706b00000|  0%| F|  |TAMS 0x0000000706a00000, 0x0000000706a00000| Untracked 
|  13|0x0000000706b00000, 0x0000000706b00000, 0x0000000706c00000|  0%| F|  |TAMS 0x0000000706b00000, 0x0000000706b00000| Untracked 
|  14|0x0000000706c00000, 0x0000000706c00000, 0x0000000706d00000|  0%| F|  |TAMS 0x0000000706c00000, 0x0000000706c00000| Untracked 
|  15|0x0000000706d00000, 0x0000000706d00000, 0x0000000706e00000|  0%| F|  |TAMS 0x0000000706d00000, 0x0000000706d00000| Untracked 
|  16|0x0000000706e00000, 0x0000000706e00000, 0x0000000706f00000|  0%| F|  |TAMS 0x0000000706e00000, 0x0000000706e00000| Untracked 
|  17|0x0000000706f00000, 0x0000000706f00000, 0x0000000707000000|  0%| F|  |TAMS 0x0000000706f00000, 0x0000000706f00000| Untracked 
|  18|0x0000000707000000, 0x0000000707000000, 0x0000000707100000|  0%| F|  |TAMS 0x0000000707000000, 0x0000000707000000| Untracked 
|  19|0x0000000707100000, 0x0000000707100000, 0x0000000707200000|  0%| F|  |TAMS 0x0000000707100000, 0x0000000707100000| Untracked 
|  20|0x0000000707200000, 0x0000000707200000, 0x0000000707300000|  0%| F|  |TAMS 0x0000000707200000, 0x0000000707200000| Untracked 
|  21|0x0000000707300000, 0x0000000707300000, 0x0000000707400000|  0%| F|  |TAMS 0x0000000707300000, 0x0000000707300000| Untracked 
|  22|0x0000000707400000, 0x0000000707400000, 0x0000000707500000|  0%| F|  |TAMS 0x0000000707400000, 0x0000000707400000| Untracked 
|  23|0x0000000707500000, 0x0000000707500000, 0x0000000707600000|  0%| F|  |TAMS 0x0000000707500000, 0x0000000707500000| Untracked 
|  24|0x0000000707600000, 0x0000000707600000, 0x0000000707700000|  0%| F|  |TAMS 0x0000000707600000, 0x0000000707600000| Untracked 
|  25|0x0000000707700000, 0x0000000707700000, 0x0000000707800000|  0%| F|  |TAMS 0x0000000707700000, 0x0000000707700000| Untracked 
|  26|0x0000000707800000, 0x0000000707800000, 0x0000000707900000|  0%| F|  |TAMS 0x0000000707800000, 0x0000000707800000| Untracked 
|  27|0x0000000707900000, 0x0000000707900000, 0x0000000707a00000|  0%| F|  |TAMS 0x0000000707900000, 0x0000000707900000| Untracked 
|  28|0x0000000707a00000, 0x0000000707a00000, 0x0000000707b00000|  0%| F|  |TAMS 0x0000000707a00000, 0x0000000707a00000| Untracked 
|  29|0x0000000707b00000, 0x0000000707b00000, 0x0000000707c00000|  0%| F|  |TAMS 0x0000000707b00000, 0x0000000707b00000| Untracked 
|  30|0x0000000707c00000, 0x0000000707c00000, 0x0000000707d00000|  0%| F|  |TAMS 0x0000000707c00000, 0x0000000707c00000| Untracked 
|  31|0x0000000707d00000, 0x0000000707d00000, 0x0000000707e00000|  0%| F|  |TAMS 0x0000000707d00000, 0x0000000707d00000| Untracked 
|  32|0x0000000707e00000, 0x0000000707e00000, 0x0000000707f00000|  0%| F|  |TAMS 0x0000000707e00000, 0x0000000707e00000| Untracked 
|  33|0x0000000707f00000, 0x0000000707f00000, 0x0000000708000000|  0%| F|  |TAMS 0x0000000707f00000, 0x0000000707f00000| Untracked 
|  34|0x0000000708000000, 0x0000000708000000, 0x0000000708100000|  0%| F|  |TAMS 0x0000000708000000, 0x0000000708000000| Untracked 
|  35|0x0000000708100000, 0x0000000708100000, 0x0000000708200000|  0%| F|  |TAMS 0x0000000708100000, 0x0000000708100000| Untracked 
|  36|0x0000000708200000, 0x0000000708200000, 0x0000000708300000|  0%| F|  |TAMS 0x0000000708200000, 0x0000000708200000| Untracked 
|  37|0x0000000708300000, 0x0000000708300000, 0x0000000708400000|  0%| F|  |TAMS 0x0000000708300000, 0x0000000708300000| Untracked 
|  38|0x0000000708400000, 0x0000000708400000, 0x0000000708500000|  0%| F|  |TAMS 0x0000000708400000, 0x0000000708400000| Untracked 
|  39|0x0000000708500000, 0x0000000708500000, 0x0000000708600000|  0%| F|  |TAMS 0x0000000708500000, 0x0000000708500000| Untracked 
|  40|0x0000000708600000, 0x0000000708600000, 0x0000000708700000|  0%| F|  |TAMS 0x0000000708600000, 0x0000000708600000| Untracked 
|  41|0x0000000708700000, 0x0000000708700000, 0x0000000708800000|  0%| F|  |TAMS 0x0000000708700000, 0x0000000708700000| Untracked 
|  42|0x0000000708800000, 0x0000000708800000, 0x0000000708900000|  0%| F|  |TAMS 0x0000000708800000, 0x0000000708800000| Untracked 
|  43|0x0000000708900000, 0x0000000708900000, 0x0000000708a00000|  0%| F|  |TAMS 0x0000000708900000, 0x0000000708900000| Untracked 
|  44|0x0000000708a00000, 0x0000000708a00000, 0x0000000708b00000|  0%| F|  |TAMS 0x0000000708a00000, 0x0000000708a00000| Untracked 
|  45|0x0000000708b00000, 0x0000000708b00000, 0x0000000708c00000|  0%| F|  |TAMS 0x0000000708b00000, 0x0000000708b00000| Untracked 
|  46|0x0000000708c00000, 0x0000000708c00000, 0x0000000708d00000|  0%| F|  |TAMS 0x0000000708c00000, 0x0000000708c00000| Untracked 
|  47|0x0000000708d00000, 0x0000000708d00000, 0x0000000708e00000|  0%| F|  |TAMS 0x0000000708d00000, 0x0000000708d00000| Untracked 
|  48|0x0000000708e00000, 0x0000000708e00000, 0x0000000708f00000|  0%| F|  |TAMS 0x0000000708e00000, 0x0000000708e00000| Untracked 
|  49|0x0000000708f00000, 0x0000000708f00000, 0x0000000709000000|  0%| F|  |TAMS 0x0000000708f00000, 0x0000000708f00000| Untracked 
|  50|0x0000000709000000, 0x0000000709000000, 0x0000000709100000|  0%| F|  |TAMS 0x0000000709000000, 0x0000000709000000| Untracked 
|  51|0x0000000709100000, 0x0000000709100000, 0x0000000709200000|  0%| F|  |TAMS 0x0000000709100000, 0x0000000709100000| Untracked 
|  52|0x0000000709200000, 0x0000000709200000, 0x0000000709300000|  0%| F|  |TAMS 0x0000000709200000, 0x0000000709200000| Untracked 
|  53|0x0000000709300000, 0x0000000709300000, 0x0000000709400000|  0%| F|  |TAMS 0x0000000709300000, 0x0000000709300000| Untracked 
|  54|0x0000000709400000, 0x0000000709400000, 0x0000000709500000|  0%| F|  |TAMS 0x0000000709400000, 0x0000000709400000| Untracked 
|  55|0x0000000709500000, 0x0000000709500000, 0x0000000709600000|  0%| F|  |TAMS 0x0000000709500000, 0x0000000709500000| Untracked 
|  56|0x0000000709600000, 0x0000000709600000, 0x0000000709700000|  0%| F|  |TAMS 0x0000000709600000, 0x0000000709600000| Untracked 
|  57|0x0000000709700000, 0x0000000709700000, 0x0000000709800000|  0%| F|  |TAMS 0x0000000709700000, 0x0000000709700000| Untracked 
|  58|0x0000000709800000, 0x0000000709800000, 0x0000000709900000|  0%| F|  |TAMS 0x0000000709800000, 0x0000000709800000| Untracked 
|  59|0x0000000709900000, 0x0000000709900000, 0x0000000709a00000|  0%| F|  |TAMS 0x0000000709900000, 0x0000000709900000| Untracked 
|  60|0x0000000709a00000, 0x0000000709a00000, 0x0000000709b00000|  0%| F|  |TAMS 0x0000000709a00000, 0x0000000709a00000| Untracked 
|  61|0x0000000709b00000, 0x0000000709b00000, 0x0000000709c00000|  0%| F|  |TAMS 0x0000000709b00000, 0x0000000709b00000| Untracked 
|  62|0x0000000709c00000, 0x0000000709c00000, 0x0000000709d00000|  0%| F|  |TAMS 0x0000000709c00000, 0x0000000709c00000| Untracked 
|  63|0x0000000709d00000, 0x0000000709d00000, 0x0000000709e00000|  0%| F|  |TAMS 0x0000000709d00000, 0x0000000709d00000| Untracked 
|  64|0x0000000709e00000, 0x0000000709e00000, 0x0000000709f00000|  0%| F|  |TAMS 0x0000000709e00000, 0x0000000709e00000| Untracked 
|  65|0x0000000709f00000, 0x0000000709f00000, 0x000000070a000000|  0%| F|  |TAMS 0x0000000709f00000, 0x0000000709f00000| Untracked 
|  66|0x000000070a000000, 0x000000070a000000, 0x000000070a100000|  0%| F|  |TAMS 0x000000070a000000, 0x000000070a000000| Untracked 
|  67|0x000000070a100000, 0x000000070a100000, 0x000000070a200000|  0%| F|  |TAMS 0x000000070a100000, 0x000000070a100000| Untracked 
|  68|0x000000070a200000, 0x000000070a200000, 0x000000070a300000|  0%| F|  |TAMS 0x000000070a200000, 0x000000070a200000| Untracked 
|  69|0x000000070a300000, 0x000000070a300000, 0x000000070a400000|  0%| F|  |TAMS 0x000000070a300000, 0x000000070a300000| Untracked 
|  70|0x000000070a400000, 0x000000070a400000, 0x000000070a500000|  0%| F|  |TAMS 0x000000070a400000, 0x000000070a400000| Untracked 
|  71|0x000000070a500000, 0x000000070a500000, 0x000000070a600000|  0%| F|  |TAMS 0x000000070a500000, 0x000000070a500000| Untracked 
|  72|0x000000070a600000, 0x000000070a600000, 0x000000070a700000|  0%| F|  |TAMS 0x000000070a600000, 0x000000070a600000| Untracked 
|  73|0x000000070a700000, 0x000000070a700000, 0x000000070a800000|  0%| F|  |TAMS 0x000000070a700000, 0x000000070a700000| Untracked 
|  74|0x000000070a800000, 0x000000070a800000, 0x000000070a900000|  0%| F|  |TAMS 0x000000070a800000, 0x000000070a800000| Untracked 
|  75|0x000000070a900000, 0x000000070a900000, 0x000000070aa00000|  0%| F|  |TAMS 0x000000070a900000, 0x000000070a900000| Untracked 
|  76|0x000000070aa00000, 0x000000070aa00000, 0x000000070ab00000|  0%| F|  |TAMS 0x000000070aa00000, 0x000000070aa00000| Untracked 
|  77|0x000000070ab00000, 0x000000070ab00000, 0x000000070ac00000|  0%| F|  |TAMS 0x000000070ab00000, 0x000000070ab00000| Untracked 
|  78|0x000000070ac00000, 0x000000070ac00000, 0x000000070ad00000|  0%| F|  |TAMS 0x000000070ac00000, 0x000000070ac00000| Untracked 
|  79|0x000000070ad00000, 0x000000070ad00000, 0x000000070ae00000|  0%| F|  |TAMS 0x000000070ad00000, 0x000000070ad00000| Untracked 
|  80|0x000000070ae00000, 0x000000070ae00000, 0x000000070af00000|  0%| F|  |TAMS 0x000000070ae00000, 0x000000070ae00000| Untracked 
|  81|0x000000070af00000, 0x000000070af00000, 0x000000070b000000|  0%| F|  |TAMS 0x000000070af00000, 0x000000070af00000| Untracked 
|  82|0x000000070b000000, 0x000000070b000000, 0x000000070b100000|  0%| F|  |TAMS 0x000000070b000000, 0x000000070b000000| Untracked 
|  83|0x000000070b100000, 0x000000070b100000, 0x000000070b200000|  0%| F|  |TAMS 0x000000070b100000, 0x000000070b100000| Untracked 
|  84|0x000000070b200000, 0x000000070b200000, 0x000000070b300000|  0%| F|  |TAMS 0x000000070b200000, 0x000000070b200000| Untracked 
|  85|0x000000070b300000, 0x000000070b300000, 0x000000070b400000|  0%| F|  |TAMS 0x000000070b300000, 0x000000070b300000| Untracked 
|  86|0x000000070b400000, 0x000000070b400000, 0x000000070b500000|  0%| F|  |TAMS 0x000000070b400000, 0x000000070b400000| Untracked 
|  87|0x000000070b500000, 0x000000070b500000, 0x000000070b600000|  0%| F|  |TAMS 0x000000070b500000, 0x000000070b500000| Untracked 
|  88|0x000000070b600000, 0x000000070b600000, 0x000000070b700000|  0%| F|  |TAMS 0x000000070b600000, 0x000000070b600000| Untracked 
|  89|0x000000070b700000, 0x000000070b700000, 0x000000070b800000|  0%| F|  |TAMS 0x000000070b700000, 0x000000070b700000| Untracked 
|  90|0x000000070b800000, 0x000000070b800000, 0x000000070b900000|  0%| F|  |TAMS 0x000000070b800000, 0x000000070b800000| Untracked 
|  91|0x000000070b900000, 0x000000070b900000, 0x000000070ba00000|  0%| F|  |TAMS 0x000000070b900000, 0x000000070b900000| Untracked 
|  92|0x000000070ba00000, 0x000000070ba00000, 0x000000070bb00000|  0%| F|  |TAMS 0x000000070ba00000, 0x000000070ba00000| Untracked 
|  93|0x000000070bb00000, 0x000000070bb00000, 0x000000070bc00000|  0%| F|  |TAMS 0x000000070bb00000, 0x000000070bb00000| Untracked 
|  94|0x000000070bc00000, 0x000000070bc00000, 0x000000070bd00000|  0%| F|  |TAMS 0x000000070bc00000, 0x000000070bc00000| Untracked 
|  95|0x000000070bd00000, 0x000000070bd00000, 0x000000070be00000|  0%| F|  |TAMS 0x000000070bd00000, 0x000000070bd00000| Untracked 
|  96|0x000000070be00000, 0x000000070be00000, 0x000000070bf00000|  0%| F|  |TAMS 0x000000070be00000, 0x000000070be00000| Untracked 
|  97|0x000000070bf00000, 0x000000070bf00000, 0x000000070c000000|  0%| F|  |TAMS 0x000000070bf00000, 0x000000070bf00000| Untracked 
|  98|0x000000070c000000, 0x000000070c000000, 0x000000070c100000|  0%| F|  |TAMS 0x000000070c000000, 0x000000070c000000| Untracked 
|  99|0x000000070c100000, 0x000000070c100000, 0x000000070c200000|  0%| F|  |TAMS 0x000000070c100000, 0x000000070c100000| Untracked 
| 100|0x000000070c200000, 0x000000070c200000, 0x000000070c300000|  0%| F|  |TAMS 0x000000070c200000, 0x000000070c200000| Untracked 
| 101|0x000000070c300000, 0x000000070c300000, 0x000000070c400000|  0%| F|  |TAMS 0x000000070c300000, 0x000000070c300000| Untracked 
| 102|0x000000070c400000, 0x000000070c400000, 0x000000070c500000|  0%| F|  |TAMS 0x000000070c400000, 0x000000070c400000| Untracked 
| 103|0x000000070c500000, 0x000000070c500000, 0x000000070c600000|  0%| F|  |TAMS 0x000000070c500000, 0x000000070c500000| Untracked 
| 104|0x000000070c600000, 0x000000070c600000, 0x000000070c700000|  0%| F|  |TAMS 0x000000070c600000, 0x000000070c600000| Untracked 
| 105|0x000000070c700000, 0x000000070c700000, 0x000000070c800000|  0%| F|  |TAMS 0x000000070c700000, 0x000000070c700000| Untracked 
| 106|0x000000070c800000, 0x000000070c800000, 0x000000070c900000|  0%| F|  |TAMS 0x000000070c800000, 0x000000070c800000| Untracked 
| 107|0x000000070c900000, 0x000000070c900000, 0x000000070ca00000|  0%| F|  |TAMS 0x000000070c900000, 0x000000070c900000| Untracked 
| 108|0x000000070ca00000, 0x000000070ca00000, 0x000000070cb00000|  0%| F|  |TAMS 0x000000070ca00000, 0x000000070ca00000| Untracked 
| 109|0x000000070cb00000, 0x000000070cb00000, 0x000000070cc00000|  0%| F|  |TAMS 0x000000070cb00000, 0x000000070cb00000| Untracked 
| 110|0x000000070cc00000, 0x000000070cc00000, 0x000000070cd00000|  0%| F|  |TAMS 0x000000070cc00000, 0x000000070cc00000| Untracked 
| 111|0x000000070cd00000, 0x000000070cd00000, 0x000000070ce00000|  0%| F|  |TAMS 0x000000070cd00000, 0x000000070cd00000| Untracked 
| 112|0x000000070ce00000, 0x000000070ce00000, 0x000000070cf00000|  0%| F|  |TAMS 0x000000070ce00000, 0x000000070ce00000| Untracked 
| 113|0x000000070cf00000, 0x000000070cf00000, 0x000000070d000000|  0%| F|  |TAMS 0x000000070cf00000, 0x000000070cf00000| Untracked 
| 114|0x000000070d000000, 0x000000070d000000, 0x000000070d100000|  0%| F|  |TAMS 0x000000070d000000, 0x000000070d000000| Untracked 
| 115|0x000000070d100000, 0x000000070d100000, 0x000000070d200000|  0%| F|  |TAMS 0x000000070d100000, 0x000000070d100000| Untracked 
| 116|0x000000070d200000, 0x000000070d200000, 0x000000070d300000|  0%| F|  |TAMS 0x000000070d200000, 0x000000070d200000| Untracked 
| 117|0x000000070d300000, 0x000000070d300000, 0x000000070d400000|  0%| F|  |TAMS 0x000000070d300000, 0x000000070d300000| Untracked 
| 118|0x000000070d400000, 0x000000070d400000, 0x000000070d500000|  0%| F|  |TAMS 0x000000070d400000, 0x000000070d400000| Untracked 
| 119|0x000000070d500000, 0x000000070d500000, 0x000000070d600000|  0%| F|  |TAMS 0x000000070d500000, 0x000000070d500000| Untracked 
| 120|0x000000070d600000, 0x000000070d600000, 0x000000070d700000|  0%| F|  |TAMS 0x000000070d600000, 0x000000070d600000| Untracked 
| 121|0x000000070d700000, 0x000000070d700000, 0x000000070d800000|  0%| F|  |TAMS 0x000000070d700000, 0x000000070d700000| Untracked 
| 122|0x000000070d800000, 0x000000070d800000, 0x000000070d900000|  0%| F|  |TAMS 0x000000070d800000, 0x000000070d800000| Untracked 
| 123|0x000000070d900000, 0x000000070d900000, 0x000000070da00000|  0%| F|  |TAMS 0x000000070d900000, 0x000000070d900000| Untracked 
| 124|0x000000070da00000, 0x000000070da00000, 0x000000070db00000|  0%| F|  |TAMS 0x000000070da00000, 0x000000070da00000| Untracked 
| 125|0x000000070db00000, 0x000000070db00000, 0x000000070dc00000|  0%| F|  |TAMS 0x000000070db00000, 0x000000070db00000| Untracked 
| 126|0x000000070dc00000, 0x000000070dc00000, 0x000000070dd00000|  0%| F|  |TAMS 0x000000070dc00000, 0x000000070dc00000| Untracked 
| 127|0x000000070dd00000, 0x000000070dd00000, 0x000000070de00000|  0%| F|  |TAMS 0x000000070dd00000, 0x000000070dd00000| Untracked 
| 128|0x000000070de00000, 0x000000070de00000, 0x000000070df00000|  0%| F|  |TAMS 0x000000070de00000, 0x000000070de00000| Untracked 
| 129|0x000000070df00000, 0x000000070df00000, 0x000000070e000000|  0%| F|  |TAMS 0x000000070df00000, 0x000000070df00000| Untracked 
| 130|0x000000070e000000, 0x000000070e000000, 0x000000070e100000|  0%| F|  |TAMS 0x000000070e000000, 0x000000070e000000| Untracked 
| 131|0x000000070e100000, 0x000000070e100000, 0x000000070e200000|  0%| F|  |TAMS 0x000000070e100000, 0x000000070e100000| Untracked 
| 132|0x000000070e200000, 0x000000070e200000, 0x000000070e300000|  0%| F|  |TAMS 0x000000070e200000, 0x000000070e200000| Untracked 
| 133|0x000000070e300000, 0x000000070e300000, 0x000000070e400000|  0%| F|  |TAMS 0x000000070e300000, 0x000000070e300000| Untracked 
| 134|0x000000070e400000, 0x000000070e400000, 0x000000070e500000|  0%| F|  |TAMS 0x000000070e400000, 0x000000070e400000| Untracked 
| 135|0x000000070e500000, 0x000000070e500000, 0x000000070e600000|  0%| F|  |TAMS 0x000000070e500000, 0x000000070e500000| Untracked 
| 136|0x000000070e600000, 0x000000070e600000, 0x000000070e700000|  0%| F|  |TAMS 0x000000070e600000, 0x000000070e600000| Untracked 
| 137|0x000000070e700000, 0x000000070e700000, 0x000000070e800000|  0%| F|  |TAMS 0x000000070e700000, 0x000000070e700000| Untracked 
| 138|0x000000070e800000, 0x000000070e800000, 0x000000070e900000|  0%| F|  |TAMS 0x000000070e800000, 0x000000070e800000| Untracked 
| 139|0x000000070e900000, 0x000000070e900000, 0x000000070ea00000|  0%| F|  |TAMS 0x000000070e900000, 0x000000070e900000| Untracked 
| 140|0x000000070ea00000, 0x000000070ea00000, 0x000000070eb00000|  0%| F|  |TAMS 0x000000070ea00000, 0x000000070ea00000| Untracked 
| 141|0x000000070eb00000, 0x000000070eb00000, 0x000000070ec00000|  0%| F|  |TAMS 0x000000070eb00000, 0x000000070eb00000| Untracked 
| 142|0x000000070ec00000, 0x000000070ec00000, 0x000000070ed00000|  0%| F|  |TAMS 0x000000070ec00000, 0x000000070ec00000| Untracked 
| 143|0x000000070ed00000, 0x000000070ed00000, 0x000000070ee00000|  0%| F|  |TAMS 0x000000070ed00000, 0x000000070ed00000| Untracked 
| 144|0x000000070ee00000, 0x000000070ee00000, 0x000000070ef00000|  0%| F|  |TAMS 0x000000070ee00000, 0x000000070ee00000| Untracked 
| 145|0x000000070ef00000, 0x000000070ef00000, 0x000000070f000000|  0%| F|  |TAMS 0x000000070ef00000, 0x000000070ef00000| Untracked 
| 146|0x000000070f000000, 0x000000070f000000, 0x000000070f100000|  0%| F|  |TAMS 0x000000070f000000, 0x000000070f000000| Untracked 
| 147|0x000000070f100000, 0x000000070f100000, 0x000000070f200000|  0%| F|  |TAMS 0x000000070f100000, 0x000000070f100000| Untracked 
| 148|0x000000070f200000, 0x000000070f200000, 0x000000070f300000|  0%| F|  |TAMS 0x000000070f200000, 0x000000070f200000| Untracked 
| 149|0x000000070f300000, 0x000000070f300000, 0x000000070f400000|  0%| F|  |TAMS 0x000000070f300000, 0x000000070f300000| Untracked 
| 150|0x000000070f400000, 0x000000070f400000, 0x000000070f500000|  0%| F|  |TAMS 0x000000070f400000, 0x000000070f400000| Untracked 
| 151|0x000000070f500000, 0x000000070f500000, 0x000000070f600000|  0%| F|  |TAMS 0x000000070f500000, 0x000000070f500000| Untracked 
| 152|0x000000070f600000, 0x000000070f600000, 0x000000070f700000|  0%| F|  |TAMS 0x000000070f600000, 0x000000070f600000| Untracked 
| 153|0x000000070f700000, 0x000000070f700000, 0x000000070f800000|  0%| F|  |TAMS 0x000000070f700000, 0x000000070f700000| Untracked 
| 154|0x000000070f800000, 0x000000070f800000, 0x000000070f900000|  0%| F|  |TAMS 0x000000070f800000, 0x000000070f800000| Untracked 
| 155|0x000000070f900000, 0x000000070f900000, 0x000000070fa00000|  0%| F|  |TAMS 0x000000070f900000, 0x000000070f900000| Untracked 
| 156|0x000000070fa00000, 0x000000070fa00000, 0x000000070fb00000|  0%| F|  |TAMS 0x000000070fa00000, 0x000000070fa00000| Untracked 
| 157|0x000000070fb00000, 0x000000070fb00000, 0x000000070fc00000|  0%| F|  |TAMS 0x000000070fb00000, 0x000000070fb00000| Untracked 
| 158|0x000000070fc00000, 0x000000070fc00000, 0x000000070fd00000|  0%| F|  |TAMS 0x000000070fc00000, 0x000000070fc00000| Untracked 
| 159|0x000000070fd00000, 0x000000070fd00000, 0x000000070fe00000|  0%| F|  |TAMS 0x000000070fd00000, 0x000000070fd00000| Untracked 
| 160|0x000000070fe00000, 0x000000070fe00000, 0x000000070ff00000|  0%| F|  |TAMS 0x000000070fe00000, 0x000000070fe00000| Untracked 
| 161|0x000000070ff00000, 0x000000070ff00000, 0x0000000710000000|  0%| F|  |TAMS 0x000000070ff00000, 0x000000070ff00000| Untracked 
| 162|0x0000000710000000, 0x0000000710000000, 0x0000000710100000|  0%| F|  |TAMS 0x0000000710000000, 0x0000000710000000| Untracked 
| 163|0x0000000710100000, 0x0000000710100000, 0x0000000710200000|  0%| F|  |TAMS 0x0000000710100000, 0x0000000710100000| Untracked 
| 164|0x0000000710200000, 0x0000000710200000, 0x0000000710300000|  0%| F|  |TAMS 0x0000000710200000, 0x0000000710200000| Untracked 
| 165|0x0000000710300000, 0x0000000710300000, 0x0000000710400000|  0%| F|  |TAMS 0x0000000710300000, 0x0000000710300000| Untracked 
| 166|0x0000000710400000, 0x0000000710400000, 0x0000000710500000|  0%| F|  |TAMS 0x0000000710400000, 0x0000000710400000| Untracked 
| 167|0x0000000710500000, 0x0000000710500000, 0x0000000710600000|  0%| F|  |TAMS 0x0000000710500000, 0x0000000710500000| Untracked 
| 168|0x0000000710600000, 0x0000000710600000, 0x0000000710700000|  0%| F|  |TAMS 0x0000000710600000, 0x0000000710600000| Untracked 
| 169|0x0000000710700000, 0x0000000710700000, 0x0000000710800000|  0%| F|  |TAMS 0x0000000710700000, 0x0000000710700000| Untracked 
| 170|0x0000000710800000, 0x0000000710800000, 0x0000000710900000|  0%| F|  |TAMS 0x0000000710800000, 0x0000000710800000| Untracked 
| 171|0x0000000710900000, 0x0000000710900000, 0x0000000710a00000|  0%| F|  |TAMS 0x0000000710900000, 0x0000000710900000| Untracked 
| 172|0x0000000710a00000, 0x0000000710a00000, 0x0000000710b00000|  0%| F|  |TAMS 0x0000000710a00000, 0x0000000710a00000| Untracked 
| 173|0x0000000710b00000, 0x0000000710b00000, 0x0000000710c00000|  0%| F|  |TAMS 0x0000000710b00000, 0x0000000710b00000| Untracked 
| 174|0x0000000710c00000, 0x0000000710c00000, 0x0000000710d00000|  0%| F|  |TAMS 0x0000000710c00000, 0x0000000710c00000| Untracked 
| 175|0x0000000710d00000, 0x0000000710d00000, 0x0000000710e00000|  0%| F|  |TAMS 0x0000000710d00000, 0x0000000710d00000| Untracked 
| 176|0x0000000710e00000, 0x0000000710e00000, 0x0000000710f00000|  0%| F|  |TAMS 0x0000000710e00000, 0x0000000710e00000| Untracked 
| 177|0x0000000710f00000, 0x0000000710f00000, 0x0000000711000000|  0%| F|  |TAMS 0x0000000710f00000, 0x0000000710f00000| Untracked 
| 178|0x0000000711000000, 0x0000000711000000, 0x0000000711100000|  0%| F|  |TAMS 0x0000000711000000, 0x0000000711000000| Untracked 
| 179|0x0000000711100000, 0x0000000711100000, 0x0000000711200000|  0%| F|  |TAMS 0x0000000711100000, 0x0000000711100000| Untracked 
| 180|0x0000000711200000, 0x0000000711200000, 0x0000000711300000|  0%| F|  |TAMS 0x0000000711200000, 0x0000000711200000| Untracked 
| 181|0x0000000711300000, 0x0000000711300000, 0x0000000711400000|  0%| F|  |TAMS 0x0000000711300000, 0x0000000711300000| Untracked 
| 182|0x0000000711400000, 0x0000000711400000, 0x0000000711500000|  0%| F|  |TAMS 0x0000000711400000, 0x0000000711400000| Untracked 
| 183|0x0000000711500000, 0x0000000711580800, 0x0000000711600000| 50%| E|  |TAMS 0x0000000711500000, 0x0000000711500000| Complete 
| 184|0x0000000711600000, 0x0000000711700000, 0x0000000711700000|100%| E|CS|TAMS 0x0000000711600000, 0x0000000711600000| Complete 
| 185|0x0000000711700000, 0x0000000711800000, 0x0000000711800000|100%| E|CS|TAMS 0x0000000711700000, 0x0000000711700000| Complete 
| 186|0x0000000711800000, 0x0000000711900000, 0x0000000711900000|100%| E|CS|TAMS 0x0000000711800000, 0x0000000711800000| Complete 
| 187|0x0000000711900000, 0x0000000711a00000, 0x0000000711a00000|100%| E|CS|TAMS 0x0000000711900000, 0x0000000711900000| Complete 
| 188|0x0000000711a00000, 0x0000000711b00000, 0x0000000711b00000|100%| E|CS|TAMS 0x0000000711a00000, 0x0000000711a00000| Complete 
| 189|0x0000000711b00000, 0x0000000711c00000, 0x0000000711c00000|100%| E|CS|TAMS 0x0000000711b00000, 0x0000000711b00000| Complete 
| 190|0x0000000711c00000, 0x0000000711d00000, 0x0000000711d00000|100%| E|CS|TAMS 0x0000000711c00000, 0x0000000711c00000| Complete 
| 191|0x0000000711d00000, 0x0000000711e00000, 0x0000000711e00000|100%| E|CS|TAMS 0x0000000711d00000, 0x0000000711d00000| Complete 
| 192|0x0000000711e00000, 0x0000000711f00000, 0x0000000711f00000|100%| E|CS|TAMS 0x0000000711e00000, 0x0000000711e00000| Complete 
| 193|0x0000000711f00000, 0x0000000712000000, 0x0000000712000000|100%| E|CS|TAMS 0x0000000711f00000, 0x0000000711f00000| Complete 
| 194|0x0000000712000000, 0x0000000712100000, 0x0000000712100000|100%| E|CS|TAMS 0x0000000712000000, 0x0000000712000000| Complete 
| 195|0x0000000712100000, 0x0000000712200000, 0x0000000712200000|100%| E|CS|TAMS 0x0000000712100000, 0x0000000712100000| Complete 
| 196|0x0000000712200000, 0x0000000712300000, 0x0000000712300000|100%| E|CS|TAMS 0x0000000712200000, 0x0000000712200000| Complete 
| 197|0x0000000712300000, 0x0000000712400000, 0x0000000712400000|100%| E|CS|TAMS 0x0000000712300000, 0x0000000712300000| Complete 
| 198|0x0000000712400000, 0x0000000712500000, 0x0000000712500000|100%| E|CS|TAMS 0x0000000712400000, 0x0000000712400000| Complete 
| 199|0x0000000712500000, 0x0000000712600000, 0x0000000712600000|100%| E|CS|TAMS 0x0000000712500000, 0x0000000712500000| Complete 
| 200|0x0000000712600000, 0x0000000712700000, 0x0000000712700000|100%| E|CS|TAMS 0x0000000712600000, 0x0000000712600000| Complete 
| 201|0x0000000712700000, 0x0000000712800000, 0x0000000712800000|100%| E|CS|TAMS 0x0000000712700000, 0x0000000712700000| Complete 
| 202|0x0000000712800000, 0x0000000712900000, 0x0000000712900000|100%| E|CS|TAMS 0x0000000712800000, 0x0000000712800000| Complete 
| 203|0x0000000712900000, 0x0000000712a00000, 0x0000000712a00000|100%| E|CS|TAMS 0x0000000712900000, 0x0000000712900000| Complete 
| 204|0x0000000712a00000, 0x0000000712b00000, 0x0000000712b00000|100%| E|CS|TAMS 0x0000000712a00000, 0x0000000712a00000| Complete 
| 205|0x0000000712b00000, 0x0000000712c00000, 0x0000000712c00000|100%| E|CS|TAMS 0x0000000712b00000, 0x0000000712b00000| Complete 
| 206|0x0000000712c00000, 0x0000000712d00000, 0x0000000712d00000|100%| E|CS|TAMS 0x0000000712c00000, 0x0000000712c00000| Complete 
| 207|0x0000000712d00000, 0x0000000712e00000, 0x0000000712e00000|100%| E|CS|TAMS 0x0000000712d00000, 0x0000000712d00000| Complete 
| 208|0x0000000712e00000, 0x0000000712f00000, 0x0000000712f00000|100%| E|CS|TAMS 0x0000000712e00000, 0x0000000712e00000| Complete 
| 209|0x0000000712f00000, 0x0000000713000000, 0x0000000713000000|100%| E|CS|TAMS 0x0000000712f00000, 0x0000000712f00000| Complete 
| 210|0x0000000713000000, 0x0000000713100000, 0x0000000713100000|100%| E|CS|TAMS 0x0000000713000000, 0x0000000713000000| Complete 
| 211|0x0000000713100000, 0x0000000713200000, 0x0000000713200000|100%| E|CS|TAMS 0x0000000713100000, 0x0000000713100000| Complete 
| 212|0x0000000713200000, 0x0000000713300000, 0x0000000713300000|100%| E|  |TAMS 0x0000000713200000, 0x0000000713200000| Complete 
| 213|0x0000000713300000, 0x0000000713400000, 0x0000000713400000|100%| E|CS|TAMS 0x0000000713300000, 0x0000000713300000| Complete 
| 214|0x0000000713400000, 0x0000000713500000, 0x0000000713500000|100%| E|CS|TAMS 0x0000000713400000, 0x0000000713400000| Complete 
| 215|0x0000000713500000, 0x0000000713600000, 0x0000000713600000|100%| E|CS|TAMS 0x0000000713500000, 0x0000000713500000| Complete 
| 216|0x0000000713600000, 0x0000000713700000, 0x0000000713700000|100%| E|CS|TAMS 0x0000000713600000, 0x0000000713600000| Complete 
| 217|0x0000000713700000, 0x0000000713800000, 0x0000000713800000|100%| E|CS|TAMS 0x0000000713700000, 0x0000000713700000| Complete 
| 218|0x0000000713800000, 0x0000000713900000, 0x0000000713900000|100%| E|CS|TAMS 0x0000000713800000, 0x0000000713800000| Complete 
| 219|0x0000000713900000, 0x0000000713a00000, 0x0000000713a00000|100%| E|CS|TAMS 0x0000000713900000, 0x0000000713900000| Complete 
| 220|0x0000000713a00000, 0x0000000713b00000, 0x0000000713b00000|100%| E|CS|TAMS 0x0000000713a00000, 0x0000000713a00000| Complete 
| 221|0x0000000713b00000, 0x0000000713c00000, 0x0000000713c00000|100%| E|CS|TAMS 0x0000000713b00000, 0x0000000713b00000| Complete 
| 222|0x0000000713c00000, 0x0000000713d00000, 0x0000000713d00000|100%| E|CS|TAMS 0x0000000713c00000, 0x0000000713c00000| Complete 
| 223|0x0000000713d00000, 0x0000000713e00000, 0x0000000713e00000|100%| E|CS|TAMS 0x0000000713d00000, 0x0000000713d00000| Complete 
| 224|0x0000000713e00000, 0x0000000713f00000, 0x0000000713f00000|100%| E|CS|TAMS 0x0000000713e00000, 0x0000000713e00000| Complete 
| 225|0x0000000713f00000, 0x0000000714000000, 0x0000000714000000|100%| E|CS|TAMS 0x0000000713f00000, 0x0000000713f00000| Complete 
| 226|0x0000000714000000, 0x0000000714100000, 0x0000000714100000|100%| E|CS|TAMS 0x0000000714000000, 0x0000000714000000| Complete 
| 227|0x0000000714100000, 0x0000000714200000, 0x0000000714200000|100%| E|CS|TAMS 0x0000000714100000, 0x0000000714100000| Complete 
| 228|0x0000000714200000, 0x0000000714300000, 0x0000000714300000|100%| E|CS|TAMS 0x0000000714200000, 0x0000000714200000| Complete 
| 229|0x0000000714300000, 0x0000000714400000, 0x0000000714400000|100%| E|CS|TAMS 0x0000000714300000, 0x0000000714300000| Complete 
| 230|0x0000000714400000, 0x0000000714500000, 0x0000000714500000|100%| E|CS|TAMS 0x0000000714400000, 0x0000000714400000| Complete 
| 231|0x0000000714500000, 0x0000000714600000, 0x0000000714600000|100%| E|CS|TAMS 0x0000000714500000, 0x0000000714500000| Complete 
| 232|0x0000000714600000, 0x0000000714700000, 0x0000000714700000|100%| E|CS|TAMS 0x0000000714600000, 0x0000000714600000| Complete 
| 233|0x0000000714700000, 0x0000000714800000, 0x0000000714800000|100%| E|CS|TAMS 0x0000000714700000, 0x0000000714700000| Complete 
| 234|0x0000000714800000, 0x0000000714900000, 0x0000000714900000|100%| E|CS|TAMS 0x0000000714800000, 0x0000000714800000| Complete 
| 235|0x0000000714900000, 0x0000000714a00000, 0x0000000714a00000|100%| E|CS|TAMS 0x0000000714900000, 0x0000000714900000| Complete 
| 236|0x0000000714a00000, 0x0000000714b00000, 0x0000000714b00000|100%| E|CS|TAMS 0x0000000714a00000, 0x0000000714a00000| Complete 
| 237|0x0000000714b00000, 0x0000000714c00000, 0x0000000714c00000|100%| E|CS|TAMS 0x0000000714b00000, 0x0000000714b00000| Complete 
| 238|0x0000000714c00000, 0x0000000714d00000, 0x0000000714d00000|100%| E|CS|TAMS 0x0000000714c00000, 0x0000000714c00000| Complete 
| 239|0x0000000714d00000, 0x0000000714e00000, 0x0000000714e00000|100%| E|CS|TAMS 0x0000000714d00000, 0x0000000714d00000| Complete 
| 240|0x0000000714e00000, 0x0000000714f00000, 0x0000000714f00000|100%| E|CS|TAMS 0x0000000714e00000, 0x0000000714e00000| Complete 
| 241|0x0000000714f00000, 0x0000000715000000, 0x0000000715000000|100%| E|CS|TAMS 0x0000000714f00000, 0x0000000714f00000| Complete 
| 242|0x0000000715000000, 0x0000000715100000, 0x0000000715100000|100%| E|CS|TAMS 0x0000000715000000, 0x0000000715000000| Complete 
| 243|0x0000000715100000, 0x0000000715200000, 0x0000000715200000|100%| E|CS|TAMS 0x0000000715100000, 0x0000000715100000| Complete 
| 244|0x0000000715200000, 0x0000000715300000, 0x0000000715300000|100%| E|CS|TAMS 0x0000000715200000, 0x0000000715200000| Complete 
| 245|0x0000000715300000, 0x0000000715349390, 0x0000000715400000| 28%| S|CS|TAMS 0x0000000715300000, 0x0000000715300000| Complete 
| 246|0x0000000715400000, 0x0000000715500000, 0x0000000715500000|100%| S|CS|TAMS 0x0000000715400000, 0x0000000715400000| Complete 
| 247|0x0000000715500000, 0x0000000715600000, 0x0000000715600000|100%| S|CS|TAMS 0x0000000715500000, 0x0000000715500000| Complete 
| 248|0x0000000715600000, 0x0000000715700000, 0x0000000715700000|100%| E|CS|TAMS 0x0000000715600000, 0x0000000715600000| Complete 
| 249|0x0000000715700000, 0x0000000715800000, 0x0000000715800000|100%| E|CS|TAMS 0x0000000715700000, 0x0000000715700000| Complete 
| 250|0x0000000715800000, 0x0000000715900000, 0x0000000715900000|100%| E|CS|TAMS 0x0000000715800000, 0x0000000715800000| Complete 
| 251|0x0000000715900000, 0x0000000715a00000, 0x0000000715a00000|100%| E|CS|TAMS 0x0000000715900000, 0x0000000715900000| Complete 

Card table byte_map: [0x000002650fd40000,0x0000026510520000] _byte_map_base: 0x000002650c511000

Marking Bits (Prev, Next): (CMBitMap*) 0x00000265773ae4f8, (CMBitMap*) 0x00000265773ae530
 Prev Bits: [0x0000026510d00000, 0x0000026514b88000)
 Next Bits: [0x0000026514b90000, 0x0000026518a18000)

Polling page: 0x0000026575250000

Metaspace:

Usage:
  Non-class:     43.39 MB capacity,    42.38 MB ( 98%) used,   800.23 KB (  2%) free+waste,   233.50 KB ( <1%) overhead. 
      Class:      8.22 MB capacity,     6.93 MB ( 84%) used,     1.15 MB ( 14%) free+waste,   154.88 KB (  2%) overhead. 
       Both:     51.62 MB capacity,    49.31 MB ( 96%) used,     1.93 MB (  4%) free+waste,   388.38 KB ( <1%) overhead. 

Virtual space:
  Non-class space:       44.00 MB reserved,      43.50 MB ( 99%) committed 
      Class space:        1.00 GB reserved,       8.25 MB ( <1%) committed 
             Both:        1.04 GB reserved,      51.75 MB (  5%) committed 

Chunk freelists:
   Non-Class:  48.00 KB
       Class:  0 bytes
        Both:  48.00 KB

MaxMetaspaceSize: 17179869184.00 GB
CompressedClassSpaceSize: 1.00 GB

CodeHeap 'non-profiled nmethods': size=119168Kb used=1275Kb max_used=1275Kb free=117893Kb
 bounds [0x0000026507ba0000, 0x0000026507e10000, 0x000002650f000000]
CodeHeap 'profiled nmethods': size=119168Kb used=5105Kb max_used=5105Kb free=114062Kb
 bounds [0x0000026500740000, 0x0000026500c40000, 0x0000026507ba0000]
CodeHeap 'non-nmethods': size=7424Kb used=2934Kb max_used=2980Kb free=4489Kb
 bounds [0x0000026500000000, 0x00000265002f0000, 0x0000026500740000]
 total_blobs=3333 nmethods=2764 adapters=477
 compilation: enabled
              stopped_count=0, restarted_count=0
 full_count=0

Compilation events (20 events):
Event: 1.457 Thread 0x000002651c93a800 2745       3       sbt.internal.util.complete.ValidParser::$init$ (1 bytes)
Event: 1.457 Thread 0x000002651c72f000 2746       3       scala.Predef$::assume (41 bytes)
Event: 1.457 Thread 0x0000026520451800 2747       1       sbt.internal.util.complete.Infinite$::$greater$eq (2 bytes)
Event: 1.457 Thread 0x0000026520451800 nmethod 2747 0x0000026507cbf690 code [0x0000026507cbf840, 0x0000026507cbf8f8]
Event: 1.457 Thread 0x000002651bdd7800 nmethod 2744 0x0000026500c39990 code [0x0000026500c39b40, 0x0000026500c39c18]
Event: 1.457 Thread 0x000002651c93a800 nmethod 2745 0x0000026500c39c90 code [0x0000026500c39e40, 0x0000026500c39f18]
Event: 1.458 Thread 0x000002651c72f000 nmethod 2746 0x0000026500c39f90 code [0x0000026500c3a220, 0x0000026500c3ad78]
Event: 1.459 Thread 0x000002651bdd7800 2749       3       scala.collection.mutable.IndexedSeq::$init$ (1 bytes)
Event: 1.459 Thread 0x000002651bdd7800 nmethod 2749 0x0000026500c3b190 code [0x0000026500c3b340, 0x0000026500c3b418]
Event: 1.461 Thread 0x000002651c724000 2750       4       java.util.stream.Sink$ChainedReference::cancellationRequested (10 bytes)
Event: 1.461 Thread 0x000002651c93a800 2751       3       jdk.internal.jrtfs.JrtPath::normalize (97 bytes)
Event: 1.461 Thread 0x000002651c724000 nmethod 2750 0x0000026507cbfb90 code [0x0000026507cbfd20, 0x0000026507cbfdb8]
Event: 1.461 Thread 0x000002651c724000 2752       4       jdk.internal.jimage.BasicImageReader::getString (48 bytes)
Event: 1.462 Thread 0x000002651c93a800 nmethod 2751 0x0000026500c3b490 code [0x0000026500c3b700, 0x0000026500c3c128]
Event: 1.462 Thread 0x0000026520455800 nmethod 2602 0x0000026507cbfe90 code [0x0000026507cc0260, 0x0000026507cc45d8]
Event: 1.463 Thread 0x0000026520455800 2753       4       jdk.internal.jimage.ImageLocation::getAttributeString (54 bytes)
Event: 1.463 Thread 0x000002651c72f000 2754       3       java.lang.Integer::rotateLeft (9 bytes)
Event: 1.463 Thread 0x000002651bdd7800 2755       1       scala.reflect.internal.Symbols$TypeSymbol::scala$reflect$internal$Symbols$TypeSymbol$$$outer (5 bytes)
Event: 1.463 Thread 0x0000026520451800 2756       1       scala.reflect.internal.SymbolTable::currentPeriod (5 bytes)
Event: 1.464 Thread 0x000002651c93a800 2757       1       scala.reflect.internal.Scopes$ScopeEntry::next (5 bytes)

GC Heap History (8 events):
Event: 0.472 GC heap before
{Heap before GC invocations=0 (full 0):
 garbage-first heap   total 258048K, used 23552K [0x0000000705e00000, 0x0000000800000000)
  region size 1024K, 24 young (24576K), 0 survivors (0K)
 Metaspace       used 12299K, capacity 12674K, committed 12800K, reserved 1060864K
  class space    used 1182K, capacity 1266K, committed 1280K, reserved 1048576K
}
Event: 0.475 GC heap after
{Heap after GC invocations=1 (full 0):
 garbage-first heap   total 258048K, used 4450K [0x0000000705e00000, 0x0000000800000000)
  region size 1024K, 3 young (3072K), 3 survivors (3072K)
 Metaspace       used 12299K, capacity 12674K, committed 12800K, reserved 1060864K
  class space    used 1182K, capacity 1266K, committed 1280K, reserved 1048576K
}
Event: 0.818 GC heap before
{Heap before GC invocations=1 (full 0):
 garbage-first heap   total 258048K, used 46434K [0x0000000705e00000, 0x0000000800000000)
  region size 1024K, 46 young (47104K), 3 survivors (3072K)
 Metaspace       used 20585K, capacity 21150K, committed 21296K, reserved 1069056K
  class space    used 2287K, capacity 2461K, committed 2560K, reserved 1048576K
}
Event: 0.823 GC heap after
{Heap after GC invocations=2 (full 0):
 garbage-first heap   total 258048K, used 7735K [0x0000000705e00000, 0x0000000800000000)
  region size 1024K, 7 young (7168K), 7 survivors (7168K)
 Metaspace       used 20585K, capacity 21150K, committed 21296K, reserved 1069056K
  class space    used 2287K, capacity 2461K, committed 2560K, reserved 1048576K
}
Event: 1.084 GC heap before
{Heap before GC invocations=3 (full 0):
 garbage-first heap   total 258048K, used 57911K [0x0000000705e00000, 0x0000000800000000)
  region size 1024K, 57 young (58368K), 7 survivors (7168K)
 Metaspace       used 34161K, capacity 35317K, committed 35456K, reserved 1079296K
  class space    used 4158K, capacity 4660K, committed 4736K, reserved 1048576K
}
Event: 1.087 GC heap after
{Heap after GC invocations=4 (full 0):
 garbage-first heap   total 258048K, used 10131K [0x0000000705e00000, 0x0000000800000000)
  region size 1024K, 3 young (3072K), 3 survivors (3072K)
 Metaspace       used 34161K, capacity 35317K, committed 35456K, reserved 1079296K
  class space    used 4158K, capacity 4660K, committed 4736K, reserved 1048576K
}
Event: 1.099 GC heap before
{Heap before GC invocations=4 (full 0):
 garbage-first heap   total 258048K, used 13203K [0x0000000705e00000, 0x0000000800000000)
  region size 1024K, 7 young (7168K), 3 survivors (3072K)
 Metaspace       used 34658K, capacity 35802K, committed 36176K, reserved 1081344K
  class space    used 4241K, capacity 4755K, committed 4864K, reserved 1048576K
}
Event: 1.100 GC heap after
{Heap after GC invocations=5 (full 0):
 garbage-first heap   total 258048K, used 10164K [0x0000000705e00000, 0x0000000800000000)
  region size 1024K, 3 young (3072K), 3 survivors (3072K)
 Metaspace       used 34658K, capacity 35802K, committed 36176K, reserved 1081344K
  class space    used 4241K, capacity 4755K, committed 4864K, reserved 1048576K
}

Deoptimization events (20 events):
Event: 1.436 Thread 0x000002651d144000 Uncommon trap: trap_request=0xffffffbe fr.pc=0x0000026507ca3b54 relative=0x0000000000000974
Event: 1.436 Thread 0x000002651d144000 Uncommon trap: reason=profile_predicate action=maybe_recompile pc=0x0000026507ca3b54 method=jdk.internal.jimage.ImageStringsReader.charsFromByteBuffer([CLjava/nio/ByteBuffer;)V @ 6 c2
Event: 1.436 Thread 0x000002651d144000 DEOPT PACKING pc=0x0000026507ca3b54 sp=0x00000099c44f9fc0
Event: 1.436 Thread 0x000002651d144000 DEOPT UNPACKING pc=0x00000265000268af sp=0x00000099c44f9e98 mode 2
Event: 1.446 Thread 0x000002657734b000 Uncommon trap: trap_request=0xffffff4d fr.pc=0x0000026507c156b8 relative=0x00000000000013b8
Event: 1.446 Thread 0x000002657734b000 Uncommon trap: reason=unstable_if action=reinterpret pc=0x0000026507c156b8 method=java.util.concurrent.ConcurrentHashMap.transfer([Ljava/util/concurrent/ConcurrentHashMap$Node;[Ljava/util/concurrent/ConcurrentHashMap$Node;)V @ 26 c2
Event: 1.446 Thread 0x000002657734b000 DEOPT PACKING pc=0x0000026507c156b8 sp=0x00000099c25fbd30
Event: 1.446 Thread 0x000002657734b000 DEOPT UNPACKING pc=0x00000265000268af sp=0x00000099c25fbcd0 mode 2
Event: 1.460 Thread 0x000002651d144000 Uncommon trap: trap_request=0xffffff4d fr.pc=0x0000026507ca9334 relative=0x0000000000000174
Event: 1.460 Thread 0x000002651d144000 Uncommon trap: reason=unstable_if action=reinterpret pc=0x0000026507ca9334 method=jdk.internal.jrtfs.JrtPath.normalize(Ljava/lang/String;)Ljava/lang/String; @ 78 c2
Event: 1.460 Thread 0x000002651d144000 DEOPT PACKING pc=0x0000026507ca9334 sp=0x00000099c44fcde0
Event: 1.460 Thread 0x000002651d144000 DEOPT UNPACKING pc=0x00000265000268af sp=0x00000099c44fcd60 mode 2
Event: 1.460 Thread 0x000002651d144000 Uncommon trap: trap_request=0xffffffbe fr.pc=0x0000026507ca55ec relative=0x00000000000009ec
Event: 1.460 Thread 0x000002651d144000 Uncommon trap: reason=profile_predicate action=maybe_recompile pc=0x0000026507ca55ec method=jdk.internal.jimage.ImageStringsReader.charsFromByteBuffer([CLjava/nio/ByteBuffer;)V @ 6 c2
Event: 1.460 Thread 0x000002651d144000 DEOPT PACKING pc=0x0000026507ca55ec sp=0x00000099c44fc860
Event: 1.460 Thread 0x000002651d144000 DEOPT UNPACKING pc=0x00000265000268af sp=0x00000099c44fc668 mode 2
Event: 1.465 Thread 0x000002651d144000 Uncommon trap: trap_request=0xffffff4d fr.pc=0x0000026507cc0958 relative=0x00000000000006f8
Event: 1.465 Thread 0x000002651d144000 Uncommon trap: reason=unstable_if action=reinterpret pc=0x0000026507cc0958 method=jdk.internal.jimage.ImageReader$SharedImageReader.findNode(Ljava/lang/String;)Ljdk/internal/jimage/ImageReader$Node; @ 25 c2
Event: 1.465 Thread 0x000002651d144000 DEOPT PACKING pc=0x0000026507cc0958 sp=0x00000099c44fccd0
Event: 1.465 Thread 0x000002651d144000 DEOPT UNPACKING pc=0x00000265000268af sp=0x00000099c44fcce8 mode 2

Classes redefined (0 events):
No events

Internal exceptions (20 events):
Event: 1.258 Thread 0x0000026520451000 Exception <a 'java/lang/UnsatisfiedLinkError'{0x00000007138a3730}: The specified procedure could not be found.
> (0x00000007138a3730) thrown at [./src/hotspot/share/prims/jni.cpp, line 636]
Event: 1.260 Thread 0x000002657734b000 Exception <a 'java/io/FileNotFoundException'{0x000000071351c3e8}> (0x000000071351c3e8) thrown at [./src/hotspot/share/prims/jni.cpp, line 615]
Event: 1.306 Thread 0x000002651d144000 Exception <a 'java/lang/NoSuchMethodError'{0x0000000712c24940}: 'java.lang.Object java.lang.invoke.DirectMethodHandle$Holder.invokeStatic(java.lang.Object, java.lang.Object, java.lang.Object, int)'> (0x0000000712c24940) thrown at [./src/hotspot/share/interpreter/linkResolver.cpp, line 773]
Event: 1.315 Thread 0x000002651d144000 Exception <a 'java/lang/NoSuchMethodError'{0x0000000712a1b418}: 'java.lang.Object java.lang.invoke.DirectMethodHandle$Holder.newInvokeSpecial(java.lang.Object, java.lang.Object, int, int, java.lang.Object)'> (0x0000000712a1b418) thrown at [./src/hotspot/share/interpreter/linkResolver.cpp, line 773]
Event: 1.316 Thread 0x000002651d144000 Exception <a 'java/lang/NoSuchMethodError'{0x0000000712a1f100}: 'int java.lang.invoke.Invokers$Holder.invoke_MT(java.lang.Object, java.lang.Object, java.lang.Object)'> (0x0000000712a1f100) thrown at [./src/hotspot/share/interpreter/linkResolver.cpp, line 773]
Event: 1.321 Thread 0x000002657734b000 Exception <a 'sun/nio/fs/WindowsException'{0x0000000712982e60}> (0x0000000712982e60) thrown at [./src/hotspot/share/prims/jni.cpp, line 615]
Event: 1.322 Thread 0x000002657734b000 Exception <a 'sun/nio/fs/WindowsException'{0x0000000712983790}> (0x0000000712983790) thrown at [./src/hotspot/share/prims/jni.cpp, line 615]
Event: 1.322 Thread 0x000002657734b000 Exception <a 'sun/nio/fs/WindowsException'{0x00000007129839c0}> (0x00000007129839c0) thrown at [./src/hotspot/share/prims/jni.cpp, line 615]
Event: 1.322 Thread 0x000002657734b000 Exception <a 'sun/nio/fs/WindowsException'{0x00000007129845f0}> (0x00000007129845f0) thrown at [./src/hotspot/share/prims/jni.cpp, line 615]
Event: 1.331 Thread 0x000002651d144000 Exception <a 'java/lang/NoSuchMethodError'{0x0000000712a6ae08}: 'void java.lang.invoke.DirectMethodHandle$Holder.invokeSpecial(java.lang.Object, java.lang.Object, java.lang.Object, java.lang.Object)'> (0x0000000712a6ae08) thrown at [./src/hotspot/share/interpreter/linkResolver.cpp, line 773]
Event: 1.352 Thread 0x000002657734b000 Exception <a 'java/lang/NoSuchMethodError'{0x00000007129ddfd8}: 'void java.lang.invoke.DirectMethodHandle$Holder.invokeStatic(java.lang.Object, java.lang.Object, java.lang.Object, java.lang.Object, java.lang.Object, java.lang.Object)'> (0x00000007129ddfd8) thrown at [./src/hotspot/share/interpreter/linkResolver.cpp, line 773]
Event: 1.387 Thread 0x000002657734b000 Exception <a 'java/lang/NoSuchMethodError'{0x00000007121e41d8}: 'void java.lang.invoke.DirectMethodHandle$Holder.invokeStatic(java.lang.Object, java.lang.Object, java.lang.Object, java.lang.Object)'> (0x00000007121e41d8) thrown at [./src/hotspot/share/interpreter/linkResolver.cpp, line 773]
Event: 1.391 Thread 0x000002657734b000 Exception <a 'java/lang/NoSuchMethodError'{0x0000000711f0e298}: 'void java.lang.invoke.DirectMethodHandle$Holder.invokeStatic(java.lang.Object, int)'> (0x0000000711f0e298) thrown at [./src/hotspot/share/interpreter/linkResolver.cpp, line 773]
Event: 1.404 Thread 0x000002657734b000 Exception <a 'sun/nio/fs/WindowsException'{0x0000000711e53758}> (0x0000000711e53758) thrown at [./src/hotspot/share/prims/jni.cpp, line 615]
Event: 1.417 Thread 0x000002651d144000 Exception <a 'java/lang/NoSuchMethodError'{0x0000000711d61c68}: 'java.lang.Object java.lang.invoke.Invokers$Holder.linkToTargetMethod(java.lang.Object, java.lang.Object, java.lang.Object, java.lang.Object, java.lang.Object, java.lang.Object)'> (0x0000000711d61c68) thrown at [./src/hotspot/share/interpreter/linkResolver.cpp, line 773]
Event: 1.427 Thread 0x000002657734b000 Exception <a 'java/lang/NoSuchMethodError'{0x0000000711dcbc40}: 'java.lang.Object java.lang.invoke.DirectMethodHandle$Holder.invokeStatic(java.lang.Object, java.lang.Object, java.lang.Object, int, java.lang.Object, java.lang.Object, java.lang.Object, java.lang.Object)'> (0x0000000711dcbc40) thrown at [./src/hotspot/share/interpreter/linkResolver.cpp, line 773]
Event: 1.427 Thread 0x000002657734b000 Exception <a 'java/lang/NoSuchMethodError'{0x0000000711dd5880}: 'java.lang.Object java.lang.invoke.DirectMethodHandle$Holder.invokeStatic(java.lang.Object, java.lang.Object, java.lang.Object, int, java.lang.Object, java.lang.Object, java.lang.Object)'> (0x0000000711dd5880) thrown at [./src/hotspot/share/interpreter/linkResolver.cpp, line 773]
Event: 1.428 Thread 0x000002657734b000 Exception <a 'java/lang/NoSuchMethodError'{0x0000000711dd9790}: 'java.lang.Object java.lang.invoke.DirectMethodHandle$Holder.invokeSpecial(java.lang.Object, java.lang.Object, java.lang.Object, java.lang.Object, int, java.lang.Object, java.lang.Object, java.lang.Object)'> (0x0000000711dd9790) thrown at [./src/hotspot/share/interpreter/linkResolver.cpp, line 773]
Event: 1.458 Thread 0x000002657734b000 Exception <a 'java/lang/NoSuchMethodError'{0x00000007119e1ff8}: 'java.lang.Object java.lang.invoke.DirectMethodHandle$Holder.invokeStatic(java.lang.Object, int, java.lang.Object, java.lang.Object, java.lang.Object)'> (0x00000007119e1ff8) thrown at [./src/hotspot/share/interpreter/linkResolver.cpp, line 773]
Event: 1.458 Thread 0x000002657734b000 Exception <a 'java/lang/NoSuchMethodError'{0x00000007119e5960}: 'java.lang.Object java.lang.invoke.DirectMethodHandle$Holder.invokeStaticInit(java.lang.Object, int, java.lang.Object, java.lang.Object, java.lang.Object)'> (0x00000007119e5960) thrown at [./src/hotspot/share/interpreter/linkResolver.cpp, line 773]

Events (20 events):
Event: 1.465 loading class sbt/State
Event: 1.465 loading class sbt/State done
Event: 1.465 loading class scala/Function2
Event: 1.465 loading class scala/Function2 done
Event: 1.465 loading class sbt/State
Event: 1.465 loading class sbt/State done
Event: 1.465 loading class scala/Function2
Event: 1.465 loading class scala/Function2 done
Event: 1.465 loading class sbt/State
Event: 1.465 loading class sbt/State done
Event: 1.465 loading class scala/Function2
Event: 1.465 loading class scala/Function2 done
Event: 1.466 loading class scala/Function2
Event: 1.466 loading class scala/Function2 done
Event: 1.466 loading class scala/Function2
Event: 1.466 loading class scala/Function2 done
Event: 1.466 loading class scala/Function1
Event: 1.466 loading class scala/Function1 done
Event: 1.466 loading class sbt/State
Event: 1.466 loading class sbt/State done


Dynamic libraries:
0x00007ff66de50000 - 0x00007ff66de5d000 	C:\Users\lyduc\AppData\Local\Coursier\cache\arc\https\github.com\AdoptOpenJDK\openjdk11-binaries\releases\download\jdk-11.0.11%252B9\OpenJDK11U-jdk_x64_windows_hotspot_11.0.11_9.zip\jdk-11.0.11+9\bin\java.exe
0x00007fff95290000 - 0x00007fff954a7000 	C:\WINDOWS\SYSTEM32\ntdll.dll
0x00007fff94980000 - 0x00007fff94a44000 	C:\WINDOWS\System32\KERNEL32.DLL
0x00007fff929c0000 - 0x00007fff92d90000 	C:\WINDOWS\System32\KERNELBASE.dll
0x00007fff926a0000 - 0x00007fff927b1000 	C:\WINDOWS\System32\ucrtbase.dll
0x00007fff8b9b0000 - 0x00007fff8b9c5000 	C:\Users\lyduc\AppData\Local\Coursier\cache\arc\https\github.com\AdoptOpenJDK\openjdk11-binaries\releases\download\jdk-11.0.11%252B9\OpenJDK11U-jdk_x64_windows_hotspot_11.0.11_9.zip\jdk-11.0.11+9\bin\VCRUNTIME140.dll
0x00007fff7f6e0000 - 0x00007fff7f6f7000 	C:\Users\lyduc\AppData\Local\Coursier\cache\arc\https\github.com\AdoptOpenJDK\openjdk11-binaries\releases\download\jdk-11.0.11%252B9\OpenJDK11U-jdk_x64_windows_hotspot_11.0.11_9.zip\jdk-11.0.11+9\bin\jli.dll
0x00007fff94a50000 - 0x00007fff94bfe000 	C:\WINDOWS\System32\USER32.dll
0x00007fff92910000 - 0x00007fff92936000 	C:\WINDOWS\System32\win32u.dll
0x00007fff92fa0000 - 0x00007fff92fc9000 	C:\WINDOWS\System32\GDI32.dll
0x00007fff927c0000 - 0x00007fff928db000 	C:\WINDOWS\System32\gdi32full.dll
0x00007fff92600000 - 0x00007fff9269a000 	C:\WINDOWS\System32\msvcp_win.dll
0x00007fff7a3d0000 - 0x00007fff7a662000 	C:\WINDOWS\WinSxS\amd64_microsoft.windows.common-controls_6595b64144ccf1df_6.0.22621.4830_none_270fe7d773858e80\COMCTL32.dll
0x00007fff93900000 - 0x00007fff939a7000 	C:\WINDOWS\System32\msvcrt.dll
0x00007fff94e80000 - 0x00007fff94eb1000 	C:\WINDOWS\System32\IMM32.DLL
0x00007fff497a0000 - 0x00007fff4983b000 	C:\Users\lyduc\AppData\Local\Coursier\cache\arc\https\github.com\AdoptOpenJDK\openjdk11-binaries\releases\download\jdk-11.0.11%252B9\OpenJDK11U-jdk_x64_windows_hotspot_11.0.11_9.zip\jdk-11.0.11+9\bin\msvcp140.dll
0x00007ffee31f0000 - 0x00007ffee3d3b000 	C:\Users\lyduc\AppData\Local\Coursier\cache\arc\https\github.com\AdoptOpenJDK\openjdk11-binaries\releases\download\jdk-11.0.11%252B9\OpenJDK11U-jdk_x64_windows_hotspot_11.0.11_9.zip\jdk-11.0.11+9\bin\server\jvm.dll
0x00007fff95070000 - 0x00007fff95121000 	C:\WINDOWS\System32\ADVAPI32.dll
0x00007fff92fd0000 - 0x00007fff93077000 	C:\WINDOWS\System32\sechost.dll
0x00007fff928e0000 - 0x00007fff92908000 	C:\WINDOWS\System32\bcrypt.dll
0x00007fff95130000 - 0x00007fff95244000 	C:\WINDOWS\System32\RPCRT4.dll
0x00007fff939b0000 - 0x00007fff939b8000 	C:\WINDOWS\System32\PSAPI.DLL
0x00007fff911a0000 - 0x00007fff911aa000 	C:\WINDOWS\SYSTEM32\VERSION.dll
0x00007fff8b460000 - 0x00007fff8b494000 	C:\WINDOWS\SYSTEM32\WINMM.dll
0x00007fff6c4b0000 - 0x00007fff6c4b9000 	C:\WINDOWS\SYSTEM32\WSOCK32.dll
0x00007fff945e0000 - 0x00007fff94651000 	C:\WINDOWS\System32\WS2_32.dll
0x00007fff91650000 - 0x00007fff91668000 	C:\WINDOWS\SYSTEM32\kernel.appcore.dll
0x00007fff8c090000 - 0x00007fff8c0a0000 	C:\Users\lyduc\AppData\Local\Coursier\cache\arc\https\github.com\AdoptOpenJDK\openjdk11-binaries\releases\download\jdk-11.0.11%252B9\OpenJDK11U-jdk_x64_windows_hotspot_11.0.11_9.zip\jdk-11.0.11+9\bin\verify.dll
0x00007fff8f8d0000 - 0x00007fff8fb02000 	C:\WINDOWS\SYSTEM32\DBGHELP.DLL
0x00007fff94080000 - 0x00007fff94410000 	C:\WINDOWS\System32\combase.dll
0x00007fff948a0000 - 0x00007fff94977000 	C:\WINDOWS\System32\OLEAUT32.dll
0x00007fff871f0000 - 0x00007fff87222000 	C:\WINDOWS\SYSTEM32\dbgcore.DLL
0x00007fff92d90000 - 0x00007fff92e0b000 	C:\WINDOWS\System32\bcryptPrimitives.dll
0x00007fff7aea0000 - 0x00007fff7aec8000 	C:\Users\lyduc\AppData\Local\Coursier\cache\arc\https\github.com\AdoptOpenJDK\openjdk11-binaries\releases\download\jdk-11.0.11%252B9\OpenJDK11U-jdk_x64_windows_hotspot_11.0.11_9.zip\jdk-11.0.11+9\bin\java.dll
0x00007fff8c070000 - 0x00007fff8c07a000 	C:\Users\lyduc\AppData\Local\Coursier\cache\arc\https\github.com\AdoptOpenJDK\openjdk11-binaries\releases\download\jdk-11.0.11%252B9\OpenJDK11U-jdk_x64_windows_hotspot_11.0.11_9.zip\jdk-11.0.11+9\bin\jimage.dll
0x00007fff7ae80000 - 0x00007fff7ae97000 	C:\Users\lyduc\AppData\Local\Coursier\cache\arc\https\github.com\AdoptOpenJDK\openjdk11-binaries\releases\download\jdk-11.0.11%252B9\OpenJDK11U-jdk_x64_windows_hotspot_11.0.11_9.zip\jdk-11.0.11+9\bin\zip.dll
0x00007fff93080000 - 0x00007fff938f8000 	C:\WINDOWS\System32\SHELL32.dll
0x00007fff901a0000 - 0x00007fff90ab0000 	C:\WINDOWS\SYSTEM32\windows.storage.dll
0x00007fff90060000 - 0x00007fff9019f000 	C:\WINDOWS\SYSTEM32\wintypes.dll
0x00007fff939e0000 - 0x00007fff93aea000 	C:\WINDOWS\System32\SHCORE.dll
0x00007fff95010000 - 0x00007fff9506e000 	C:\WINDOWS\System32\shlwapi.dll
0x00007fff92470000 - 0x00007fff9249b000 	C:\WINDOWS\SYSTEM32\profapi.dll
0x00007fff64110000 - 0x00007fff64129000 	C:\Users\lyduc\AppData\Local\Coursier\cache\arc\https\github.com\AdoptOpenJDK\openjdk11-binaries\releases\download\jdk-11.0.11%252B9\OpenJDK11U-jdk_x64_windows_hotspot_11.0.11_9.zip\jdk-11.0.11+9\bin\net.dll
0x00007fff8d030000 - 0x00007fff8d15c000 	C:\WINDOWS\SYSTEM32\WINHTTP.dll
0x00007fff91af0000 - 0x00007fff91b5a000 	C:\WINDOWS\system32\mswsock.dll
0x00007fff61430000 - 0x00007fff61442000 	C:\Users\lyduc\AppData\Local\Coursier\cache\arc\https\github.com\AdoptOpenJDK\openjdk11-binaries\releases\download\jdk-11.0.11%252B9\OpenJDK11U-jdk_x64_windows_hotspot_11.0.11_9.zip\jdk-11.0.11+9\bin\nio.dll
0x00007fff91d40000 - 0x00007fff91d5b000 	C:\WINDOWS\SYSTEM32\CRYPTSP.dll
0x00007fff915b0000 - 0x00007fff915e5000 	C:\WINDOWS\system32\rsaenh.dll
0x00007fff91be0000 - 0x00007fff91c08000 	C:\WINDOWS\SYSTEM32\USERENV.dll
0x00007fff91d60000 - 0x00007fff91d6c000 	C:\WINDOWS\SYSTEM32\CRYPTBASE.dll
0x00007fff90d00000 - 0x00007fff90d2d000 	C:\WINDOWS\SYSTEM32\IPHLPAPI.DLL
0x00007fff94420000 - 0x00007fff94429000 	C:\WINDOWS\System32\NSI.dll
0x00007fff8ca20000 - 0x00007fff8ca39000 	C:\WINDOWS\SYSTEM32\dhcpcsvc6.DLL
0x00007fff8c7e0000 - 0x00007fff8c7ff000 	C:\WINDOWS\SYSTEM32\dhcpcsvc.DLL
0x00007fff90d30000 - 0x00007fff90e32000 	C:\WINDOWS\SYSTEM32\DNSAPI.dll
0x00007fff86ec0000 - 0x00007fff86f00000 	C:\Users\lyduc\AppData\Local\Temp\jna-103444805\jna9960539145068202894.dll
0x00007fff8bff0000 - 0x00007fff8bff9000 	C:\Users\lyduc\AppData\Local\Coursier\cache\arc\https\github.com\AdoptOpenJDK\openjdk11-binaries\releases\download\jdk-11.0.11%252B9\OpenJDK11U-jdk_x64_windows_hotspot_11.0.11_9.zip\jdk-11.0.11+9\bin\management.dll
0x00007fff8b910000 - 0x00007fff8b91b000 	C:\Users\lyduc\AppData\Local\Coursier\cache\arc\https\github.com\AdoptOpenJDK\openjdk11-binaries\releases\download\jdk-11.0.11%252B9\OpenJDK11U-jdk_x64_windows_hotspot_11.0.11_9.zip\jdk-11.0.11+9\bin\management_ext.dll

dbghelp: loaded successfully - version: 4.0.5 - missing functions: none
symbol engine: initialized successfully - sym options: 0x614 - pdb path: .;C:\Users\lyduc\AppData\Local\Coursier\cache\arc\https\github.com\AdoptOpenJDK\openjdk11-binaries\releases\download\jdk-11.0.11%252B9\OpenJDK11U-jdk_x64_windows_hotspot_11.0.11_9.zip\jdk-11.0.11+9\bin;C:\WINDOWS\SYSTEM32;C:\WINDOWS\WinSxS\amd64_microsoft.windows.common-controls_6595b64144ccf1df_6.0.22621.4830_none_270fe7d773858e80;C:\Users\lyduc\AppData\Local\Coursier\cache\arc\https\github.com\AdoptOpenJDK\openjdk11-binaries\releases\download\jdk-11.0.11%252B9\OpenJDK11U-jdk_x64_windows_hotspot_11.0.11_9.zip\jdk-11.0.11+9\bin\server;C:\Users\lyduc\AppData\Local\Temp\jna-103444805

VM Arguments:
jvm_args: -Djline.terminal=jline.UnsupportedTerminal -Dsbt.log.noformat=true -Dfile.encoding=UTF-8 
java_command: C:\Users\lyduc\AppData\Local\Temp\metals12901733251812196043\sbt-launch.jar -Dbloop.export-jar-classifiers=sources bloopInstall
java_class_path (initial): C:\Users\lyduc\AppData\Local\Temp\metals12901733251812196043\sbt-launch.jar
Launcher Type: SUN_STANDARD

[Global flags]
     intx CICompilerCount                          = 12                                        {product} {ergonomic}
     uint ConcGCThreads                            = 4                                         {product} {ergonomic}
     uint G1ConcRefinementThreads                  = 15                                        {product} {ergonomic}
   size_t G1HeapRegionSize                         = 1048576                                   {product} {ergonomic}
    uintx GCDrainStackTargetSize                   = 64                                        {product} {ergonomic}
   size_t InitialHeapSize                          = 264241152                                 {product} {ergonomic}
   size_t MarkStackSize                            = 4194304                                   {product} {ergonomic}
   size_t MaxHeapSize                              = 4196401152                                {product} {ergonomic}
   size_t MaxNewSize                               = 2517630976                                {product} {ergonomic}
   size_t MinHeapDeltaBytes                        = 1048576                                   {product} {ergonomic}
    uintx NonNMethodCodeHeapSize                   = 7594288                                {pd product} {ergonomic}
    uintx NonProfiledCodeHeapSize                  = 122031976                              {pd product} {ergonomic}
    uintx ProfiledCodeHeapSize                     = 122031976                              {pd product} {ergonomic}
    uintx ReservedCodeCacheSize                    = 251658240                              {pd product} {ergonomic}
     bool SegmentedCodeCache                       = true                                      {product} {ergonomic}
     bool UseCompressedClassPointers               = true                                 {lp64_product} {ergonomic}
     bool UseCompressedOops                        = true                                 {lp64_product} {ergonomic}
     bool UseG1GC                                  = true                                      {product} {ergonomic}
     bool UseLargePagesIndividualAllocation        = false                                  {pd product} {ergonomic}

Logging:
Log output configuration:
 #0: stdout all=warning uptime,level,tags
 #1: stderr all=off uptime,level,tags

Environment Variables:
JAVA_HOME=C:\Users\lyduc\AppData\Local\Coursier\cache\arc\https\github.com\AdoptOpenJDK\openjdk11-binaries\releases\download\jdk-11.0.11%252B9\OpenJDK11U-jdk_x64_windows_hotspot_11.0.11_9.zip\jdk-11.0.11+9
PATH=C:\Users\lyduc\AppData\Local\Coursier\cache\arc\https\github.com\AdoptOpenJDK\openjdk11-binaries\releases\download\jdk-11.0.11%252B9\OpenJDK11U-jdk_x64_windows_hotspot_11.0.11_9.zip\jdk-11.0.11+9\bin;C:\Program Files (x86)\Common Files\Oracle\Java\java8path;C:\Program Files (x86)\Common Files\Oracle\Java\javapath;C:\Program Files (x86)\VMware\VMware Workstation\bin\;C:\WINDOWS\system32;C:\WINDOWS;C:\WINDOWS\System32\Wbem;C:\WINDOWS\System32\WindowsPowerShell\v1.0\;C:\WINDOWS\System32\OpenSSH\;C:\Program Files\Microsoft Network Monitor 3\;C:\MinGW\bin;C:\Program Files\PuTTY\;C:\Program Files\dotnet\;C:\Program Files (x86)\NVIDIA Corporation\PhysX\Common;C:\Program Files\NVIDIA Corporation\NVIDIA NvDLISR;C:\Program Files\Git LFS;C:\Users\lyduc\AppData\Local\Programs\Git\cmd;D:\FPT\LOCAL\Microsoft SQL Server x86\160\Tools\Binn\;D:\FPT\LOCAL\Microsoft SQL Server\160\Tools\Binn\;D:\FPT\LOCAL\Microsoft SQL Server\Client SDK\ODBC\170\Tools\Binn\;D:\FPT\LOCAL\Microsoft SQL Server\160\DTS\Binn\;D:\FPT\LOCAL\Microsoft SQL Server x86\160\DTS\Binn\;C:\Program Files\Azure Data Studio\bin;C:\ProgramData\chocolatey\bin;D:\FPT\LOCAL\Microsoft SQL Server\150\Tools\Binn\;C:\Program Files\NVIDIA Corporation\Nsight Compute 2023.1.1\;E:\platform-tools;C:\Program Files\MongoDB\Tools\100\bin;C:\Program Files\Docker\Docker\resources\bin;C:\Program Files\Cloudflare\Cloudflare WARP\;C:\Program Files\k6\;C:\Users\lyduc\AppData\Roaming\nvm;C:\Program Files\nodejs;D:\DATA SCIENCE\LOCAL\influxdb;C:\Python\Python3_12\Scripts\;C:\Python\Python3_12\;C:\Program Files (x86)\Arm GNU Toolchain arm-none-eabi\12.3 rel1\bin;C:\Users\lyduc\AppData\Local\Microsoft\WindowsApps;D:\Program Files\JetBrains\IntelliJ IDEA Community Edition 2022.2.3\bin;C:\Users\lyduc\AppData\Local\gitkraken\bin;D:\Embedded\CTOOLS\bin;D:\Embedded\CTOOLS\mingw32\bin;D:\EMBEDDED\OpenOCD\xpack-openocd-0.12.0-1\bin;C:\Program Files\NVIDIA GPU Computing Toolkit\CUDA\v11.2\bin;C:\Program Files\NVIDIA GPU Computing Toolkit\CUDA\v11.2\l
USERNAME=lyduc
OS=Windows_NT
PROCESSOR_IDENTIFIER=Intel64 Family 6 Model 154 Stepping 3, GenuineIntel



---------------  S Y S T E M  ---------------

OS: Windows 10 , 64 bit Build 22621 (10.0.22621.4830)
OS uptime: 1 days 5:15 hours
Hyper-V role detected

CPU:total 20 (initial active 20) (10 cores per cpu, 2 threads per core) family 6 model 154 stepping 3 microcode 0x41c, cmov, cx8, fxsr, mmx, sse, sse2, sse3, ssse3, sse4.1, sse4.2, popcnt, avx, avx2, aes, clmul, erms, 3dnowpref, lzcnt, ht, tsc, tscinvbit, bmi1, bmi2, adx, sha, fma

Memory: 4k page, system-wide physical 16004M (4348M free)
TotalPageFile size 30340M (AvailPageFile size 12868M)
current process WorkingSet (physical memory assigned to process): 278M, peak: 281M
current process commit charge ("private bytes"): 514M, peak: 516M

vm_info: OpenJDK 64-Bit Server VM (11.0.11+9) for windows-amd64 JRE (11.0.11+9), built on Apr 20 2021 21:22:09 by "" with MS VC++ 15.9 (VS2017)

END.
